#
# There is insufficient memory for the Java Runtime Environment to continue.
# Native memory allocation (malloc) failed to allocate 32744 bytes for Chunk::new
# Possible reasons:
#   The system is out of physical RAM or swap space
#   The process is running with CompressedOops enabled, and the Java Heap may be blocking the growth of the native heap
# Possible solutions:
#   Reduce memory load on the system
#   Increase physical memory or swap space
#   Check if swap backing store is full
#   Decrease Java heap size (-Xmx/-Xms)
#   Decrease number of Java threads
#   Decrease Java thread stack sizes (-Xss)
#   Set larger code cache with -XX:ReservedCodeCacheSize=
#   JVM is running with Unscaled Compressed Oops mode in which the Java heap is
#     placed in the first 4GB address space. The Java Heap base address is the
#     maximum limit for the native heap growth. Please use -XX:HeapBaseMinAddress
#     to set the Java Heap base and to place the Java Heap above 4GB virtual address.
# This output file may be truncated or incomplete.
#
#  Out of Memory Error (arena.cpp:184), pid=3848, tid=3916
#
# JRE version: Java(TM) SE Runtime Environment (19.0.2+7) (build 19.0.2+7-44)
# Java VM: Java HotSpot(TM) 64-Bit Server VM (19.0.2+7-44, mixed mode, sharing, tiered, compressed oops, compressed class ptrs, g1 gc, windows-amd64)
# Core dump will be written. Default location: C:\Users\skarvekar12\Downloads\SpringBoot-repo\boot-repo\28_todo-manager\hs_err_pid3848.mdmp
#

---------------  S U M M A R Y ------------

Command Line: -javaagent:C:\Program Files\JetBrains\jb\IntelliJ IDEA Community Edition 2024.3.1\lib\idea_rt.jar=50069:C:\Program Files\JetBrains\jb\IntelliJ IDEA Community Edition 2024.3.1\bin -Dfile.encoding=UTF-8 -Dsun.stdout.encoding=UTF-8 -Dsun.stderr.encoding=UTF-8 com.wp.todo.Application

Host: Intel(R) Xeon(R) CPU @ 2.20GHz, 4 cores, 3G,  Windows Server 2022 , 64 bit Build 26100 (10.0.26100.2454)
Time: Tue Dec 24 13:14:51 2024 Greenwich Standard Time elapsed time: 3.918756 seconds (0d 0h 0m 3s)

---------------  T H R E A D  ---------------

Current thread (0x00000200f2a35e50):  JavaThread "C1 CompilerThread0" daemon [_thread_in_native, id=3916, stack(0x000000cdaa200000,0x000000cdaa300000)]


Current CompileTask:
C1:   3918  766       3       java.net.URLStreamHandler::parseURL (1124 bytes)

Stack: [0x000000cdaa200000,0x000000cdaa300000]
Native frames: (J=compiled Java code, j=interpreted, Vv=VM code, C=native code)
V  [jvm.dll+0x6ee21a]
V  [jvm.dll+0x85765e]
V  [jvm.dll+0x85904e]
V  [jvm.dll+0x859703]
V  [jvm.dll+0x28298f]
V  [jvm.dll+0xc9adf]
V  [jvm.dll+0xc9e65]
V  [jvm.dll+0x1a2aea]
V  [jvm.dll+0x1a37b2]
V  [jvm.dll+0x1a386d]
V  [jvm.dll+0x1a6064]
V  [jvm.dll+0x1a7bc1]
V  [jvm.dll+0x1616d3]
V  [jvm.dll+0x160fb2]
V  [jvm.dll+0x161208]
V  [jvm.dll+0x160666]
V  [jvm.dll+0x16235d]
V  [jvm.dll+0x25b25a]
V  [jvm.dll+0x2596e8]
V  [jvm.dll+0x807588]
V  [jvm.dll+0x80125a]
V  [jvm.dll+0x6ecf0b]
C  [ucrtbase.dll+0x14ea0]
C  [KERNEL32.DLL+0x2e8d7]
C  [ntdll.dll+0xdfbcc]


---------------  P R O C E S S  ---------------

Threads class SMR info:
_java_thread_list=0x00000200f6f997c0, length=13, elements={
0x00000200d704f590, 0x00000200f2a25af0, 0x00000200f2a26620, 0x00000200f2a28b70,
0x00000200f2a2d4c0, 0x00000200f2a2fe00, 0x00000200f2a32150, 0x00000200f2a33ac0,
0x00000200f2a35e50, 0x00000200f2a480a0, 0x00000200f29fe4f0, 0x00000200f6ede300,
0x00000200f6ec3020
}

Java Threads: ( => current thread )
  0x00000200d704f590 JavaThread "main" [_thread_in_vm, id=920, stack(0x000000cda9400000,0x000000cda9500000)]
  0x00000200f2a25af0 JavaThread "Reference Handler" daemon [_thread_blocked, id=3156, stack(0x000000cda9b00000,0x000000cda9c00000)]
  0x00000200f2a26620 JavaThread "Finalizer" daemon [_thread_blocked, id=2732, stack(0x000000cda9c00000,0x000000cda9d00000)]
  0x00000200f2a28b70 JavaThread "Signal Dispatcher" daemon [_thread_blocked, id=8892, stack(0x000000cda9d00000,0x000000cda9e00000)]
  0x00000200f2a2d4c0 JavaThread "Attach Listener" daemon [_thread_blocked, id=8920, stack(0x000000cda9e00000,0x000000cda9f00000)]
  0x00000200f2a2fe00 JavaThread "Service Thread" daemon [_thread_blocked, id=6020, stack(0x000000cda9f00000,0x000000cdaa000000)]
  0x00000200f2a32150 JavaThread "Monitor Deflation Thread" daemon [_thread_blocked, id=5796, stack(0x000000cdaa000000,0x000000cdaa100000)]
  0x00000200f2a33ac0 JavaThread "C2 CompilerThread0" daemon [_thread_in_native, id=4308, stack(0x000000cdaa100000,0x000000cdaa200000)]
=>0x00000200f2a35e50 JavaThread "C1 CompilerThread0" daemon [_thread_in_native, id=3916, stack(0x000000cdaa200000,0x000000cdaa300000)]
  0x00000200f2a480a0 JavaThread "Sweeper thread" daemon [_thread_blocked, id=2708, stack(0x000000cdaa300000,0x000000cdaa400000)]
  0x00000200f29fe4f0 JavaThread "Common-Cleaner" daemon [_thread_blocked, id=8164, stack(0x000000cdaa400000,0x000000cdaa500000)]
  0x00000200f6ede300 JavaThread "Monitor Ctrl-Break" daemon [_thread_in_native, id=6156, stack(0x000000cdaa500000,0x000000cdaa600000)]
  0x00000200f6ec3020 JavaThread "Notification Thread" daemon [_thread_blocked, id=3656, stack(0x000000cdaa600000,0x000000cdaa700000)]

Other Threads:
  0x00000200f2a101c0 VMThread "VM Thread" [stack: 0x000000cda9a00000,0x000000cda9b00000] [id=7676]
  0x00000200f6edf910 WatcherThread "VM Periodic Task Thread" [stack: 0x000000cdaa700000,0x000000cdaa800000] [id=8252]
  0x00000200d70931d0 WorkerThread "GC Thread#0" [stack: 0x000000cda9500000,0x000000cda9600000] [id=7688]
  0x00000200d709c130 ConcurrentGCThread "G1 Main Marker" [stack: 0x000000cda9600000,0x000000cda9700000] [id=7308]
  0x00000200d709e9e0 WorkerThread "G1 Conc#0" [stack: 0x000000cda9700000,0x000000cda9800000] [id=6752]
  0x00000200d70f7d10 ConcurrentGCThread "G1 Refine#0" [stack: 0x000000cda9800000,0x000000cda9900000] [id=6428]
  0x00000200d70f96c0 ConcurrentGCThread "G1 Service" [stack: 0x000000cda9900000,0x000000cda9a00000] [id=2628]

Threads with active compile tasks:
C2 CompilerThread0     4738  777       4       java.util.jar.JarFile::getEntry (35 bytes)
C1 CompilerThread0     4738  766       3       java.net.URLStreamHandler::parseURL (1124 bytes)

VM state: not at safepoint (normal execution)

VM Mutex/Monitor currently owned by a thread: None

Heap address: 0x00000000c0000000, size: 1024 MB, Compressed Oops mode: 32-bit

CDS archive(s) mapped at: [0x0000000800000000-0x0000000800c40000-0x0000000800c40000), size 12845056, SharedBaseAddress: 0x0000000800000000, ArchiveRelocationMode: 0.
Compressed class space mapped at: 0x0000000801000000-0x0000000841000000, reserved size: 1073741824
Narrow klass base: 0x0000000800000000, Narrow klass shift: 0, Narrow klass range: 0x100000000

GC Precious Log:
 CardTable entry size: 512
 Card Set container configuration: InlinePtr #cards 5 size 8 Array Of Cards #cards 12 size 40 Howl #buckets 4 coarsen threshold 1843 Howl Bitmap #cards 512 size 80 coarsen threshold 460 Card regions per heap region 1 cards per card region 2048
 CPUs: 4 total, 4 available
 Memory: 4092M
 Large Page Support: Disabled
 NUMA Support: Disabled
 Compressed Oops: Enabled (32-bit)
 Heap Region Size: 1M
 Heap Min Capacity: 8M
 Heap Initial Capacity: 64M
 Heap Max Capacity: 1G
 Pre-touch: Disabled
 Parallel Workers: 4
 Concurrent Workers: 1
 Concurrent Refinement Workers: 4
 Periodic GC: Disabled

Heap:
 garbage-first heap   total 65536K, used 10240K [0x00000000c0000000, 0x0000000100000000)
  region size 1024K, 12 young (12288K), 0 survivors (0K)
 Metaspace       used 3649K, committed 3840K, reserved 1114112K
  class space    used 370K, committed 448K, reserved 1048576K

Heap Regions: E=young(eden), S=young(survivor), O=old, HS=humongous(starts), HC=humongous(continues), CS=collection set, F=free, OA=open archive, CA=closed archive, TAMS=top-at-mark-start (previous, next)
|   0|0x00000000c0000000, 0x00000000c0000000, 0x00000000c0100000|  0%| F|  |TAMS 0x00000000c0000000, 0x00000000c0000000| Untracked 
|   1|0x00000000c0100000, 0x00000000c0100000, 0x00000000c0200000|  0%| F|  |TAMS 0x00000000c0100000, 0x00000000c0100000| Untracked 
|   2|0x00000000c0200000, 0x00000000c0200000, 0x00000000c0300000|  0%| F|  |TAMS 0x00000000c0200000, 0x00000000c0200000| Untracked 
|   3|0x00000000c0300000, 0x00000000c0300000, 0x00000000c0400000|  0%| F|  |TAMS 0x00000000c0300000, 0x00000000c0300000| Untracked 
|   4|0x00000000c0400000, 0x00000000c0400000, 0x00000000c0500000|  0%| F|  |TAMS 0x00000000c0400000, 0x00000000c0400000| Untracked 
|   5|0x00000000c0500000, 0x00000000c0500000, 0x00000000c0600000|  0%| F|  |TAMS 0x00000000c0500000, 0x00000000c0500000| Untracked 
|   6|0x00000000c0600000, 0x00000000c0600000, 0x00000000c0700000|  0%| F|  |TAMS 0x00000000c0600000, 0x00000000c0600000| Untracked 
|   7|0x00000000c0700000, 0x00000000c0700000, 0x00000000c0800000|  0%| F|  |TAMS 0x00000000c0700000, 0x00000000c0700000| Untracked 
|   8|0x00000000c0800000, 0x00000000c0800000, 0x00000000c0900000|  0%| F|  |TAMS 0x00000000c0800000, 0x00000000c0800000| Untracked 
|   9|0x00000000c0900000, 0x00000000c0900000, 0x00000000c0a00000|  0%| F|  |TAMS 0x00000000c0900000, 0x00000000c0900000| Untracked 
|  10|0x00000000c0a00000, 0x00000000c0a00000, 0x00000000c0b00000|  0%| F|  |TAMS 0x00000000c0a00000, 0x00000000c0a00000| Untracked 
|  11|0x00000000c0b00000, 0x00000000c0b00000, 0x00000000c0c00000|  0%| F|  |TAMS 0x00000000c0b00000, 0x00000000c0b00000| Untracked 
|  12|0x00000000c0c00000, 0x00000000c0c00000, 0x00000000c0d00000|  0%| F|  |TAMS 0x00000000c0c00000, 0x00000000c0c00000| Untracked 
|  13|0x00000000c0d00000, 0x00000000c0d00000, 0x00000000c0e00000|  0%| F|  |TAMS 0x00000000c0d00000, 0x00000000c0d00000| Untracked 
|  14|0x00000000c0e00000, 0x00000000c0e00000, 0x00000000c0f00000|  0%| F|  |TAMS 0x00000000c0e00000, 0x00000000c0e00000| Untracked 
|  15|0x00000000c0f00000, 0x00000000c0f00000, 0x00000000c1000000|  0%| F|  |TAMS 0x00000000c0f00000, 0x00000000c0f00000| Untracked 
|  16|0x00000000c1000000, 0x00000000c1000000, 0x00000000c1100000|  0%| F|  |TAMS 0x00000000c1000000, 0x00000000c1000000| Untracked 
|  17|0x00000000c1100000, 0x00000000c1100000, 0x00000000c1200000|  0%| F|  |TAMS 0x00000000c1100000, 0x00000000c1100000| Untracked 
|  18|0x00000000c1200000, 0x00000000c1200000, 0x00000000c1300000|  0%| F|  |TAMS 0x00000000c1200000, 0x00000000c1200000| Untracked 
|  19|0x00000000c1300000, 0x00000000c1300000, 0x00000000c1400000|  0%| F|  |TAMS 0x00000000c1300000, 0x00000000c1300000| Untracked 
|  20|0x00000000c1400000, 0x00000000c1400000, 0x00000000c1500000|  0%| F|  |TAMS 0x00000000c1400000, 0x00000000c1400000| Untracked 
|  21|0x00000000c1500000, 0x00000000c1500000, 0x00000000c1600000|  0%| F|  |TAMS 0x00000000c1500000, 0x00000000c1500000| Untracked 
|  22|0x00000000c1600000, 0x00000000c1600000, 0x00000000c1700000|  0%| F|  |TAMS 0x00000000c1600000, 0x00000000c1600000| Untracked 
|  23|0x00000000c1700000, 0x00000000c1700000, 0x00000000c1800000|  0%| F|  |TAMS 0x00000000c1700000, 0x00000000c1700000| Untracked 
|  24|0x00000000c1800000, 0x00000000c1800000, 0x00000000c1900000|  0%| F|  |TAMS 0x00000000c1800000, 0x00000000c1800000| Untracked 
|  25|0x00000000c1900000, 0x00000000c1900000, 0x00000000c1a00000|  0%| F|  |TAMS 0x00000000c1900000, 0x00000000c1900000| Untracked 
|  26|0x00000000c1a00000, 0x00000000c1a00000, 0x00000000c1b00000|  0%| F|  |TAMS 0x00000000c1a00000, 0x00000000c1a00000| Untracked 
|  27|0x00000000c1b00000, 0x00000000c1b00000, 0x00000000c1c00000|  0%| F|  |TAMS 0x00000000c1b00000, 0x00000000c1b00000| Untracked 
|  28|0x00000000c1c00000, 0x00000000c1c00000, 0x00000000c1d00000|  0%| F|  |TAMS 0x00000000c1c00000, 0x00000000c1c00000| Untracked 
|  29|0x00000000c1d00000, 0x00000000c1d00000, 0x00000000c1e00000|  0%| F|  |TAMS 0x00000000c1d00000, 0x00000000c1d00000| Untracked 
|  30|0x00000000c1e00000, 0x00000000c1e00000, 0x00000000c1f00000|  0%| F|  |TAMS 0x00000000c1e00000, 0x00000000c1e00000| Untracked 
|  31|0x00000000c1f00000, 0x00000000c1f00000, 0x00000000c2000000|  0%| F|  |TAMS 0x00000000c1f00000, 0x00000000c1f00000| Untracked 
|  32|0x00000000c2000000, 0x00000000c2000000, 0x00000000c2100000|  0%| F|  |TAMS 0x00000000c2000000, 0x00000000c2000000| Untracked 
|  33|0x00000000c2100000, 0x00000000c2100000, 0x00000000c2200000|  0%| F|  |TAMS 0x00000000c2100000, 0x00000000c2100000| Untracked 
|  34|0x00000000c2200000, 0x00000000c2200000, 0x00000000c2300000|  0%| F|  |TAMS 0x00000000c2200000, 0x00000000c2200000| Untracked 
|  35|0x00000000c2300000, 0x00000000c2300000, 0x00000000c2400000|  0%| F|  |TAMS 0x00000000c2300000, 0x00000000c2300000| Untracked 
|  36|0x00000000c2400000, 0x00000000c2400000, 0x00000000c2500000|  0%| F|  |TAMS 0x00000000c2400000, 0x00000000c2400000| Untracked 
|  37|0x00000000c2500000, 0x00000000c2500000, 0x00000000c2600000|  0%| F|  |TAMS 0x00000000c2500000, 0x00000000c2500000| Untracked 
|  38|0x00000000c2600000, 0x00000000c2600000, 0x00000000c2700000|  0%| F|  |TAMS 0x00000000c2600000, 0x00000000c2600000| Untracked 
|  39|0x00000000c2700000, 0x00000000c2700000, 0x00000000c2800000|  0%| F|  |TAMS 0x00000000c2700000, 0x00000000c2700000| Untracked 
|  40|0x00000000c2800000, 0x00000000c2800000, 0x00000000c2900000|  0%| F|  |TAMS 0x00000000c2800000, 0x00000000c2800000| Untracked 
|  41|0x00000000c2900000, 0x00000000c2900000, 0x00000000c2a00000|  0%| F|  |TAMS 0x00000000c2900000, 0x00000000c2900000| Untracked 
|  42|0x00000000c2a00000, 0x00000000c2a00000, 0x00000000c2b00000|  0%| F|  |TAMS 0x00000000c2a00000, 0x00000000c2a00000| Untracked 
|  43|0x00000000c2b00000, 0x00000000c2b00000, 0x00000000c2c00000|  0%| F|  |TAMS 0x00000000c2b00000, 0x00000000c2b00000| Untracked 
|  44|0x00000000c2c00000, 0x00000000c2c00000, 0x00000000c2d00000|  0%| F|  |TAMS 0x00000000c2c00000, 0x00000000c2c00000| Untracked 
|  45|0x00000000c2d00000, 0x00000000c2d00000, 0x00000000c2e00000|  0%| F|  |TAMS 0x00000000c2d00000, 0x00000000c2d00000| Untracked 
|  46|0x00000000c2e00000, 0x00000000c2e00000, 0x00000000c2f00000|  0%| F|  |TAMS 0x00000000c2e00000, 0x00000000c2e00000| Untracked 
|  47|0x00000000c2f00000, 0x00000000c2f00000, 0x00000000c3000000|  0%| F|  |TAMS 0x00000000c2f00000, 0x00000000c2f00000| Untracked 
|  48|0x00000000c3000000, 0x00000000c3000000, 0x00000000c3100000|  0%| F|  |TAMS 0x00000000c3000000, 0x00000000c3000000| Untracked 
|  49|0x00000000c3100000, 0x00000000c3100000, 0x00000000c3200000|  0%| F|  |TAMS 0x00000000c3100000, 0x00000000c3100000| Untracked 
|  50|0x00000000c3200000, 0x00000000c3200000, 0x00000000c3300000|  0%| F|  |TAMS 0x00000000c3200000, 0x00000000c3200000| Untracked 
|  51|0x00000000c3300000, 0x00000000c3300000, 0x00000000c3400000|  0%| F|  |TAMS 0x00000000c3300000, 0x00000000c3300000| Untracked 
|  52|0x00000000c3400000, 0x00000000c3443110, 0x00000000c3500000| 26%| E|  |TAMS 0x00000000c3400000, 0x00000000c3400000| Complete 
|  53|0x00000000c3500000, 0x00000000c3600000, 0x00000000c3600000|100%| E|CS|TAMS 0x00000000c3500000, 0x00000000c3500000| Complete 
|  54|0x00000000c3600000, 0x00000000c3700000, 0x00000000c3700000|100%| E|CS|TAMS 0x00000000c3600000, 0x00000000c3600000| Complete 
|  55|0x00000000c3700000, 0x00000000c3800000, 0x00000000c3800000|100%| E|CS|TAMS 0x00000000c3700000, 0x00000000c3700000| Complete 
|  56|0x00000000c3800000, 0x00000000c3900000, 0x00000000c3900000|100%| E|CS|TAMS 0x00000000c3800000, 0x00000000c3800000| Complete 
|  57|0x00000000c3900000, 0x00000000c3a00000, 0x00000000c3a00000|100%| E|CS|TAMS 0x00000000c3900000, 0x00000000c3900000| Complete 
|  58|0x00000000c3a00000, 0x00000000c3b00000, 0x00000000c3b00000|100%| E|CS|TAMS 0x00000000c3a00000, 0x00000000c3a00000| Complete 
|  59|0x00000000c3b00000, 0x00000000c3c00000, 0x00000000c3c00000|100%| E|  |TAMS 0x00000000c3b00000, 0x00000000c3b00000| Complete 
|  60|0x00000000c3c00000, 0x00000000c3d00000, 0x00000000c3d00000|100%| E|CS|TAMS 0x00000000c3c00000, 0x00000000c3c00000| Complete 
|  61|0x00000000c3d00000, 0x00000000c3e00000, 0x00000000c3e00000|100%| E|CS|TAMS 0x00000000c3d00000, 0x00000000c3d00000| Complete 
|  62|0x00000000c3e00000, 0x00000000c3f00000, 0x00000000c3f00000|100%| E|CS|TAMS 0x00000000c3e00000, 0x00000000c3e00000| Complete 
|  63|0x00000000c3f00000, 0x00000000c4000000, 0x00000000c4000000|100%| E|CS|TAMS 0x00000000c3f00000, 0x00000000c3f00000| Complete 

Card table byte_map: [0x00000200ee1b0000,0x00000200ee3b0000] _byte_map_base: 0x00000200edbb0000

Marking Bits (Prev, Next): (CMBitMap*) 0x00000200d7093800, (CMBitMap*) 0x00000200d7093840
 Prev Bits: [0x00000200ee5b0000, 0x00000200ef5b0000)
 Next Bits: [0x00000200ef5b0000, 0x00000200f05b0000)

Polling page: 0x00000200d4fc0000

Metaspace:

Usage:
  Non-class:      3.21 MB used.
      Class:    372.48 KB used.
       Both:      3.58 MB used.

Virtual space:
  Non-class space:       64.00 MB reserved,       3.31 MB (  5%) committed,  1 nodes.
      Class space:        1.00 GB reserved,     448.00 KB ( <1%) committed,  1 nodes.
             Both:        1.06 GB reserved,       3.75 MB ( <1%) committed. 

Chunk freelists:
   Non-Class:  2.66 MB
       Class:  3.53 MB
        Both:  6.19 MB

MaxMetaspaceSize: unlimited
CompressedClassSpaceSize: 1.00 GB
Initial GC threshold: 21.00 MB
Current GC threshold: 21.00 MB
CDS: on
MetaspaceReclaimPolicy: balanced
 - commit_granule_bytes: 65536.
 - commit_granule_words: 8192.
 - virtual_space_node_default_size: 8388608.
 - enlarge_chunks_in_place: 1.
 - new_chunks_are_fully_committed: 0.
 - uncommit_free_chunks: 1.
 - use_allocation_guard: 0.


Internal statistics:

num_allocs_failed_limit: 0.
num_arena_births: 104.
num_arena_deaths: 0.
num_vsnodes_births: 2.
num_vsnodes_deaths: 0.
num_space_committed: 60.
num_space_uncommitted: 0.
num_chunks_returned_to_freelist: 0.
num_chunks_taken_from_freelist: 181.
num_chunk_merges: 0.
num_chunk_splits: 120.
num_chunks_enlarged: 86.
num_inconsistent_stats: 0.

CodeHeap 'non-profiled nmethods': size=120000Kb used=268Kb max_used=268Kb free=119732Kb
 bounds [0x00000200e6a80000, 0x00000200e6cf0000, 0x00000200edfb0000]
CodeHeap 'profiled nmethods': size=120000Kb used=1227Kb max_used=1227Kb free=118772Kb
 bounds [0x00000200defb0000, 0x00000200df220000, 0x00000200e64e0000]
CodeHeap 'non-nmethods': size=5760Kb used=1243Kb max_used=1259Kb free=4517Kb
 bounds [0x00000200e64e0000, 0x00000200e6750000, 0x00000200e6a80000]
 total_blobs=1222 nmethods=771 adapters=362
 compilation: enabled
              stopped_count=0, restarted_count=0
 full_count=0

Compilation events (20 events):
Event: 3.490 Thread 0x00000200f2a35e50 nmethod 755 0x00000200df0df490 code [0x00000200df0df640, 0x00000200df0df788]
Event: 3.495 Thread 0x00000200f2a35e50  757       3       jdk.internal.org.objectweb.asm.ClassReader::readUnsignedShort (26 bytes)
Event: 3.495 Thread 0x00000200f2a35e50 nmethod 757 0x00000200df0df810 code [0x00000200df0df9c0, 0x00000200df0dfb38]
Event: 3.497 Thread 0x00000200f2a35e50  758       1       java.util.stream.AbstractPipeline::getStreamAndOpFlags (5 bytes)
Event: 3.497 Thread 0x00000200f2a35e50 nmethod 758 0x00000200e6abf990 code [0x00000200e6abfb20, 0x00000200e6abfbd8]
Event: 3.498 Thread 0x00000200f2a35e50  759   !   3       java.util.zip.ZipFile$CleanableResource::getInflater (47 bytes)
Event: 3.498 Thread 0x00000200f2a35e50 nmethod 759 0x00000200df0dfc10 code [0x00000200df0dfde0, 0x00000200df0e02d8]
Event: 3.498 Thread 0x00000200f2a35e50  760       3       java.util.zip.ZipFile$ZipFileInflaterInputStream::<init> (41 bytes)
Event: 3.499 Thread 0x00000200f2a35e50 nmethod 760 0x00000200df0e0490 code [0x00000200df0e0680, 0x00000200df0e0b38]
Event: 3.500 Thread 0x00000200f2a35e50  761   !   3       java.util.zip.Inflater::setInput (56 bytes)
Event: 3.501 Thread 0x00000200f2a35e50 nmethod 761 0x00000200df0e0d10 code [0x00000200df0e0ee0, 0x00000200df0e12c8]
Event: 3.501 Thread 0x00000200f2a35e50  762       3       java.util.zip.ZipFile$InflaterCleanupAction::run (12 bytes)
Event: 3.501 Thread 0x00000200f2a35e50 nmethod 762 0x00000200df0e1490 code [0x00000200df0e1640, 0x00000200df0e17a8]
Event: 3.501 Thread 0x00000200f2a35e50  763   !   3       java.util.zip.ZipFile$CleanableResource::releaseInflater (53 bytes)
Event: 3.501 Thread 0x00000200f2a35e50 nmethod 763 0x00000200df0e1890 code [0x00000200df0e1a80, 0x00000200df0e1ea8]
Event: 3.503 Thread 0x00000200f2a35e50  764       3       java.util.zip.ZipCoder$UTF8ZipCoder::hasTrailingSlash (20 bytes)
Event: 3.504 Thread 0x00000200f2a35e50 nmethod 764 0x00000200df0e2090 code [0x00000200df0e2240, 0x00000200df0e2418]
Event: 3.504 Thread 0x00000200f2a35e50  765       3       java.util.jar.JavaUtilJarAccessImpl::entryFor (6 bytes)
Event: 3.504 Thread 0x00000200f2a35e50 nmethod 765 0x00000200df0e2510 code [0x00000200df0e26e0, 0x00000200df0e2b08]
Event: 3.505 Thread 0x00000200f2a35e50  766       3       java.net.URLStreamHandler::parseURL (1124 bytes)

GC Heap History (0 events):
No events

Dll operation events (10 events):
Event: 0.032 Loaded shared library C:\Program Files\Java\jdk-19\bin\java.dll
Event: 1.100 Loaded shared library C:\Program Files\Java\jdk-19\bin\jsvml.dll
Event: 1.427 Loaded shared library C:\Program Files\Java\jdk-19\bin\zip.dll
Event: 1.441 Loaded shared library C:\Program Files\Java\jdk-19\bin\instrument.dll
Event: 1.457 Loaded shared library C:\Program Files\Java\jdk-19\bin\net.dll
Event: 1.462 Loaded shared library C:\Program Files\Java\jdk-19\bin\nio.dll
Event: 1.472 Loaded shared library C:\Program Files\Java\jdk-19\bin\zip.dll
Event: 1.748 Loaded shared library C:\Program Files\JetBrains\jb\IntelliJ IDEA Community Edition 2024.3.1\bin\breakgen64.dll
Event: 1.768 Loaded shared library C:\Program Files\Java\jdk-19\bin\extnet.dll
Event: 1.864 Loaded shared library C:\Program Files\Java\jdk-19\bin\jimage.dll

Deoptimization events (20 events):
Event: 1.751 Thread 0x00000200d704f590 Uncommon trap: trap_request=0xffffff45 fr.pc=0x00000200e6a84c44 relative=0x00000000000000a4
Event: 1.751 Thread 0x00000200d704f590 Uncommon trap: reason=unstable_if action=reinterpret pc=0x00000200e6a84c44 method=java.lang.String.isLatin1()Z @ 10 c2
Event: 1.751 Thread 0x00000200d704f590 DEOPT PACKING pc=0x00000200e6a84c44 sp=0x000000cda94ff1e0
Event: 1.752 Thread 0x00000200d704f590 DEOPT UNPACKING pc=0x00000200e6546da3 sp=0x000000cda94ff120 mode 2
Event: 1.761 Thread 0x00000200d704f590 DEOPT PACKING pc=0x00000200defb7c51 sp=0x000000cda94faec0
Event: 1.761 Thread 0x00000200d704f590 DEOPT UNPACKING pc=0x00000200e6547543 sp=0x000000cda94fa338 mode 0
Event: 1.873 Thread 0x00000200d704f590 Uncommon trap: trap_request=0xffffff45 fr.pc=0x00000200e6a95384 relative=0x0000000000000064
Event: 1.873 Thread 0x00000200d704f590 Uncommon trap: reason=unstable_if action=reinterpret pc=0x00000200e6a95384 method=java.io.WinNTFileSystem.isSlash(C)Z @ 9 c2
Event: 1.873 Thread 0x00000200d704f590 DEOPT PACKING pc=0x00000200e6a95384 sp=0x000000cda94fdfd0
Event: 1.873 Thread 0x00000200d704f590 DEOPT UNPACKING pc=0x00000200e6546da3 sp=0x000000cda94fdf58 mode 2
Event: 1.974 Thread 0x00000200d704f590 DEOPT PACKING pc=0x00000200defe87d7 sp=0x000000cda94fcb10
Event: 1.974 Thread 0x00000200d704f590 DEOPT UNPACKING pc=0x00000200e6547543 sp=0x000000cda94fbfa8 mode 0
Event: 3.062 Thread 0x00000200d704f590 DEOPT PACKING pc=0x00000200df013665 sp=0x000000cda94fd3e0
Event: 3.062 Thread 0x00000200d704f590 DEOPT UNPACKING pc=0x00000200e6547543 sp=0x000000cda94fc830 mode 0
Event: 3.410 Thread 0x00000200d704f590 DEOPT PACKING pc=0x00000200defe5768 sp=0x000000cda94fe2d0
Event: 3.410 Thread 0x00000200d704f590 DEOPT UNPACKING pc=0x00000200e6547543 sp=0x000000cda94fd760 mode 0
Event: 3.410 Thread 0x00000200d704f590 DEOPT PACKING pc=0x00000200defeee36 sp=0x000000cda94fe1c0
Event: 3.410 Thread 0x00000200d704f590 DEOPT UNPACKING pc=0x00000200e6547543 sp=0x000000cda94fd6b8 mode 0
Event: 3.410 Thread 0x00000200d704f590 DEOPT PACKING pc=0x00000200defe5768 sp=0x000000cda94fe2d0
Event: 3.410 Thread 0x00000200d704f590 DEOPT UNPACKING pc=0x00000200e6547543 sp=0x000000cda94fd760 mode 0

Classes loaded (20 events):
Event: 3.491 Loading class java/util/stream/DistinctOps
Event: 3.492 Loading class java/util/stream/DistinctOps done
Event: 3.492 Loading class java/util/stream/DistinctOps$1
Event: 3.494 Loading class java/util/stream/ReferencePipeline$StatefulOp
Event: 3.494 Loading class java/util/stream/ReferencePipeline$StatefulOp done
Event: 3.494 Loading class java/util/stream/DistinctOps$1 done
Event: 3.494 Loading class java/util/ImmutableCollections$Access
Event: 3.494 Loading class java/util/ImmutableCollections$Access done
Event: 3.494 Loading class java/util/ImmutableCollections$Access$1
Event: 3.494 Loading class jdk/internal/access/JavaUtilCollectionAccess
Event: 3.494 Loading class jdk/internal/access/JavaUtilCollectionAccess done
Event: 3.494 Loading class java/util/ImmutableCollections$Access$1 done
Event: 3.496 Loading class java/util/stream/Nodes$SpinedNodeBuilder
Event: 3.496 Loading class java/util/stream/SpinedBuffer
Event: 3.496 Loading class java/util/stream/AbstractSpinedBuffer
Event: 3.496 Loading class java/util/stream/AbstractSpinedBuffer done
Event: 3.497 Loading class java/util/stream/SpinedBuffer done
Event: 3.497 Loading class java/util/stream/Nodes$SpinedNodeBuilder done
Event: 3.497 Loading class java/util/stream/DistinctOps$1$2
Event: 3.497 Loading class java/util/stream/DistinctOps$1$2 done

Classes unloaded (0 events):
No events

Classes redefined (0 events):
No events

Internal exceptions (8 events):
Event: 1.724 Thread 0x00000200d704f590 Exception <a 'java/lang/NoSuchMethodError'{0x00000000c3b6d930}: 'void java.lang.invoke.DirectMethodHandle$Holder.invokeStatic(java.lang.Object, java.lang.Object, java.lang.Object)'> (0x00000000c3b6d930) 
thrown [s\open\src\hotspot\share\interpreter\linkResolver.cpp, line 774]
Event: 1.734 Thread 0x00000200d704f590 Exception <a 'java/lang/NoSuchMethodError'{0x00000000c3b86178}: 'java.lang.Object java.lang.invoke.Invokers$Holder.invokeExact_MT(java.lang.Object, java.lang.Object, java.lang.Object, java.lang.Object, java.lang.Object)'> (0x00000000c3b86178) 
thrown [s\open\src\hotspot\share\interpreter\linkResolver.cpp, line 774]
Event: 1.771 Thread 0x00000200f6ede300 Exception <a 'java/lang/NoSuchMethodError'{0x00000000c3bb86b8}: 'void java.lang.invoke.DirectMethodHandle$Holder.invokeStatic(java.lang.Object, java.lang.Object)'> (0x00000000c3bb86b8) 
thrown [s\open\src\hotspot\share\interpreter\linkResolver.cpp, line 774]
Event: 2.000 Thread 0x00000200d704f590 Exception <a 'java/lang/ClassNotFoundException'{0x00000000c39c5160}: javax/smartcardio/CardPermission> (0x00000000c39c5160) 
thrown [s\open\src\hotspot\share\classfile\systemDictionary.cpp, line 255]
Event: 2.007 Thread 0x00000200d704f590 Exception <a 'java/io/FileNotFoundException'{0x00000000c39d3ba8}> (0x00000000c39d3ba8) 
thrown [s\open\src\hotspot\share\prims\jni.cpp, line 517]
Event: 2.969 Thread 0x00000200d704f590 Exception <a 'java/lang/NoSuchMethodError'{0x00000000c38592b8}: 'java.lang.Object java.lang.invoke.DirectMethodHandle$Holder.invokeSpecial(java.lang.Object, java.lang.Object, java.lang.Object, long, java.lang.Object)'> (0x00000000c38592b8) 
thrown [s\open\src\hotspot\share\interpreter\linkResolver.cpp, line 774]
Event: 2.970 Thread 0x00000200d704f590 Exception <a 'java/lang/NoSuchMethodError'{0x00000000c385ce98}: 'java.lang.Object java.lang.invoke.Invokers$Holder.linkToTargetMethod(java.lang.Object, long, java.lang.Object, java.lang.Object)'> (0x00000000c385ce98) 
thrown [s\open\src\hotspot\share\interpreter\linkResolver.cpp, line 774]
Event: 3.428 Thread 0x00000200d704f590 Exception <a 'java/lang/NoSuchMethodError'{0x00000000c365e1e8}: 'void java.lang.invoke.DirectMethodHandle$Holder.invokeStatic(java.lang.Object, java.lang.Object, java.lang.Object, java.lang.Object)'> (0x00000000c365e1e8) 
thrown [s\open\src\hotspot\share\interpreter\linkResolver.cpp, line 774]

VM Operations (8 events):
Event: 1.389 Executing VM operation: HandshakeAllThreads
Event: 1.389 Executing VM operation: HandshakeAllThreads done
Event: 1.753 Executing VM operation: HandshakeAllThreads
Event: 1.753 Executing VM operation: HandshakeAllThreads done
Event: 1.873 Executing VM operation: HandshakeAllThreads
Event: 1.873 Executing VM operation: HandshakeAllThreads done
Event: 2.873 Executing VM operation: Cleanup
Event: 2.961 Executing VM operation: Cleanup done

Events (15 events):
Event: 1.101 Thread 0x00000200d704f590 Thread added: 0x00000200d704f590
Event: 1.141 Thread 0x00000200f2a25af0 Thread added: 0x00000200f2a25af0
Event: 1.141 Thread 0x00000200f2a26620 Thread added: 0x00000200f2a26620
Event: 1.146 Thread 0x00000200f2a28b70 Thread added: 0x00000200f2a28b70
Event: 1.146 Thread 0x00000200f2a2d4c0 Thread added: 0x00000200f2a2d4c0
Event: 1.147 Thread 0x00000200f2a2fe00 Thread added: 0x00000200f2a2fe00
Event: 1.147 Thread 0x00000200f2a32150 Thread added: 0x00000200f2a32150
Event: 1.147 Thread 0x00000200f2a33ac0 Thread added: 0x00000200f2a33ac0
Event: 1.148 Thread 0x00000200f2a35e50 Thread added: 0x00000200f2a35e50
Event: 1.148 Thread 0x00000200f2a480a0 Thread added: 0x00000200f2a480a0
Event: 1.365 Thread 0x00000200f29fe4f0 Thread added: 0x00000200f29fe4f0
Event: 1.749 Thread 0x00000200f6ede300 Thread added: 0x00000200f6ede300
Event: 1.749 Thread 0x00000200f6ec3020 Thread added: 0x00000200f6ec3020
Event: 1.986 Thread 0x00000200f6fa99c0 Thread added: 0x00000200f6fa99c0
Event: 2.961 Thread 0x00000200f6fa99c0 Thread exited: 0x00000200f6fa99c0


Dynamic libraries:
0x00007ff707d70000 - 0x00007ff707d80000 	C:\Program Files\Java\jdk-19\bin\java.exe
0x00007ff9d5ec0000 - 0x00007ff9d6123000 	C:\Windows\SYSTEM32\ntdll.dll
0x00007ff9d4f30000 - 0x00007ff9d4ff8000 	C:\Windows\System32\KERNEL32.DLL
0x00007ff9d3590000 - 0x00007ff9d3942000 	C:\Windows\System32\KERNELBASE.dll
0x00007ff9d3410000 - 0x00007ff9d355b000 	C:\Windows\System32\ucrtbase.dll
0x00007ff9c6e40000 - 0x00007ff9c6e58000 	C:\Program Files\Java\jdk-19\bin\jli.dll
0x00007ff9d54d0000 - 0x00007ff9d5584000 	C:\Windows\System32\ADVAPI32.dll
0x00007ff9c6e20000 - 0x00007ff9c6e3b000 	C:\Program Files\Java\jdk-19\bin\VCRUNTIME140.dll
0x00007ff9d4520000 - 0x00007ff9d45c9000 	C:\Windows\System32\msvcrt.dll
0x00007ff9d4a00000 - 0x00007ff9d4aa6000 	C:\Windows\System32\sechost.dll
0x00007ff9d5810000 - 0x00007ff9d5926000 	C:\Windows\System32\RPCRT4.dll
0x00007ff9d5930000 - 0x00007ff9d5af8000 	C:\Windows\System32\USER32.dll
0x00007ff9d3560000 - 0x00007ff9d3587000 	C:\Windows\System32\win32u.dll
0x00007ff9b59f0000 - 0x00007ff9b5c80000 	C:\Windows\WinSxS\amd64_microsoft.windows.common-controls_6595b64144ccf1df_6.0.26100.2454_none_3e0b68a2e331ad60\COMCTL32.dll
0x00007ff9d49a0000 - 0x00007ff9d49ca000 	C:\Windows\System32\GDI32.dll
0x00007ff9d3bf0000 - 0x00007ff9d3d1b000 	C:\Windows\System32\gdi32full.dll
0x00007ff9d3950000 - 0x00007ff9d39f3000 	C:\Windows\System32\msvcp_win.dll
0x00007ff9c7f00000 - 0x00007ff9c7f0b000 	C:\Windows\SYSTEM32\VERSION.dll
0x00007ff9d4960000 - 0x00007ff9d498f000 	C:\Windows\System32\IMM32.DLL
0x00007ff9bf470000 - 0x00007ff9bf47c000 	C:\Program Files\Java\jdk-19\bin\vcruntime140_1.dll
0x00007ff9aafe0000 - 0x00007ff9ab06e000 	C:\Program Files\Java\jdk-19\bin\msvcp140.dll
0x00007ff99e4c0000 - 0x00007ff99f180000 	C:\Program Files\Java\jdk-19\bin\server\jvm.dll
0x00007ff9be7e0000 - 0x00007ff9be7ea000 	C:\Windows\SYSTEM32\WSOCK32.dll
0x00007ff9d0940000 - 0x00007ff9d0976000 	C:\Windows\SYSTEM32\WINMM.dll
0x00007ff9d4c50000 - 0x00007ff9d4cc4000 	C:\Windows\System32\WS2_32.dll
0x00007ff9d1800000 - 0x00007ff9d181a000 	C:\Windows\SYSTEM32\kernel.appcore.dll
0x00007ff9be2a0000 - 0x00007ff9be2aa000 	C:\Program Files\Java\jdk-19\bin\jimage.dll
0x00007ff9c7ad0000 - 0x00007ff9c7d11000 	C:\Windows\SYSTEM32\DBGHELP.DLL
0x00007ff9d45d0000 - 0x00007ff9d494e000 	C:\Windows\System32\combase.dll
0x00007ff9d5c40000 - 0x00007ff9d5d16000 	C:\Windows\System32\OLEAUT32.dll
0x00007ff9c68e0000 - 0x00007ff9c6919000 	C:\Windows\SYSTEM32\dbgcore.DLL
0x00007ff9d3ac0000 - 0x00007ff9d3b59000 	C:\Windows\System32\bcryptPrimitives.dll
0x00007ff9bed90000 - 0x00007ff9bed9e000 	C:\Program Files\Java\jdk-19\bin\instrument.dll
0x00007ff9abca0000 - 0x00007ff9abcc6000 	C:\Program Files\Java\jdk-19\bin\java.dll
0x00007ff9a6670000 - 0x00007ff9a6747000 	C:\Program Files\Java\jdk-19\bin\jsvml.dll
0x00007ff9d3d20000 - 0x00007ff9d4420000 	C:\Windows\System32\SHELL32.dll
0x00007ff9c4570000 - 0x00007ff9c4da1000 	C:\Windows\SYSTEM32\windows.storage.dll
0x00007ff9d4440000 - 0x00007ff9d451a000 	C:\Windows\System32\SHCORE.dll
0x00007ff9d57a0000 - 0x00007ff9d57fd000 	C:\Windows\System32\shlwapi.dll
0x00007ff9d31a0000 - 0x00007ff9d31ce000 	C:\Windows\SYSTEM32\profapi.dll
0x00007ff9aba80000 - 0x00007ff9aba98000 	C:\Program Files\Java\jdk-19\bin\zip.dll
0x00007ff9be2b0000 - 0x00007ff9be2c3000 	C:\Program Files\Java\jdk-19\bin\net.dll
0x00007ff9cd820000 - 0x00007ff9cd946000 	C:\Windows\SYSTEM32\WINHTTP.dll
0x00007ff9d25d0000 - 0x00007ff9d2638000 	C:\Windows\system32\mswsock.dll
0x00007ff9ba1e0000 - 0x00007ff9ba1f6000 	C:\Program Files\Java\jdk-19\bin\nio.dll
0x00007ff9bdf70000 - 0x00007ff9bdf8a000 	C:\Program Files\JetBrains\jb\IntelliJ IDEA Community Edition 2024.3.1\bin\breakgen64.dll
0x00007ff9bbe00000 - 0x00007ff9bbe08000 	C:\Program Files\Java\jdk-19\bin\extnet.dll

dbghelp: loaded successfully - version: 4.0.5 - missing functions: none
symbol engine: initialized successfully - sym options: 0x614 - pdb path: .;C:\Program Files\Java\jdk-19\bin;C:\Windows\SYSTEM32;C:\Windows\WinSxS\amd64_microsoft.windows.common-controls_6595b64144ccf1df_6.0.26100.2454_none_3e0b68a2e331ad60;C:\Program Files\Java\jdk-19\bin\server;C:\Program Files\JetBrains\jb\IntelliJ IDEA Community Edition 2024.3.1\bin

VM Arguments:
jvm_args: -javaagent:C:\Program Files\JetBrains\jb\IntelliJ IDEA Community Edition 2024.3.1\lib\idea_rt.jar=50069:C:\Program Files\JetBrains\jb\IntelliJ IDEA Community Edition 2024.3.1\bin -Dfile.encoding=UTF-8 -Dsun.stdout.encoding=UTF-8 -Dsun.stderr.encoding=UTF-8 
java_command: com.wp.todo.Application
java_class_path (initial): C:\Users\skarvekar12\Downloads\SpringBoot-repo\boot-repo\28_todo-manager\target\classes;C:\Users\skarvekar12\.m2\repository\org\springframework\boot\spring-boot-starter-web\3.4.1\spring-boot-starter-web-3.4.1.jar;C:\Users\skarvekar12\.m2\repository\org\springframework\boot\spring-boot-starter\3.4.1\spring-boot-starter-3.4.1.jar;C:\Users\skarvekar12\.m2\repository\org\springframework\boot\spring-boot\3.4.1\spring-boot-3.4.1.jar;C:\Users\skarvekar12\.m2\repository\org\springframework\boot\spring-boot-autoconfigure\3.4.1\spring-boot-autoconfigure-3.4.1.jar;C:\Users\skarvekar12\.m2\repository\org\springframework\boot\spring-boot-starter-logging\3.4.1\spring-boot-starter-logging-3.4.1.jar;C:\Users\skarvekar12\.m2\repository\ch\qos\logback\logback-classic\1.5.12\logback-classic-1.5.12.jar;C:\Users\skarvekar12\.m2\repository\ch\qos\logback\logback-core\1.5.12\logback-core-1.5.12.jar;C:\Users\skarvekar12\.m2\repository\org\apache\logging\log4j\log4j-to-slf4j\2.24.3\log4j-to-slf4j-2.24.3.jar;C:\Users\skarvekar12\.m2\repository\org\apache\logging\log4j\log4j-api\2.24.3\log4j-api-2.24.3.jar;C:\Users\skarvekar12\.m2\repository\org\slf4j\jul-to-slf4j\2.0.16\jul-to-slf4j-2.0.16.jar;C:\Users\skarvekar12\.m2\repository\jakarta\annotation\jakarta.annotation-api\2.1.1\jakarta.annotation-api-2.1.1.jar;C:\Users\skarvekar12\.m2\repository\org\yaml\snakeyaml\2.3\snakeyaml-2.3.jar;C:\Users\skarvekar12\.m2\repository\org\springframework\boot\spring-boot-starter-json\3.4.1\spring-boot-starter-json-3.4.1.jar;C:\Users\skarvekar12\.m2\repository\com\fasterxml\jackson\core\jackson-databind\2.18.2\jackson-databind-2.18.2.jar;C:\Users\skarvekar12\.m2\repository\com\fasterxml\jackson\core\jackson-annotations\2.18.2\jackson-annotations-2.18.2.jar;C:\Users\skarvekar12\.m2\repository\com\fasterxml\jackson\core\jackson-core\2.18.2\jackson-core-2.18.2.jar;C:\Users\skarvekar12\.m2\repository\com\fasterxml\jackson\datatype\jackson-datatype-jdk8\2.18.2\jackson-datatype-jdk8-2.18.2.jar;C:\Users\skarvekar12\.m2\repository\com\fasterxml\jackson\datatype\jackson-datatype-jsr310\2.18.2\jackson-datatype-jsr310-2.18.2.jar;C:\Users\skarvekar12\.m2\repository\com\fasterxml\jackson\module\jackson-module-parameter-names\2.18.2\jackson-module-parameter-names-2.18.2.jar;C:\Users\skarvekar12\.m2\repository\org\springframework\boot\spring-boot-starter-tomcat\3.4.1\spring-boot-starter-tomcat-3.4.1.jar;C:\Users\skarvekar12\.m2\repository\org\apache\tomcat\embed\tomcat-embed-core\10.1.34\tomcat-embed-core-10.1.34.jar;C:\Users\skarvekar12\.m2\repository\org\apache\tomcat\embed\tomcat-embed-el\10.1.34\tomcat-embed-el-10.1.34.jar;C:\Users\skarvekar12\.m2\repository\org\apache\tomcat\embed\tomcat-embed-websocket\10.1.34\tomcat-embed-websocket-10.1.34.jar;C:\Users\skarvekar12\.m2\repository\org\springframework\spring-web\6.2.1\spring-web-6.2.1.jar;C:\Users\skarvekar12\.m2\repository\org\springframework\spring-beans\6.2.1\spring-beans-6.2.1.jar;C:\Users\skarvekar12\.m2\repository\io\micrometer\micrometer-observation\1.14.2\micrometer-observation-1.14.2.jar;C:\Users\skarvekar12\.m2\repository\io\micrometer\micrometer-commons\1.14.2\micrometer-commons-1.14.2.jar;C:\Users\skarvekar12\.m2\repository\org\springframework\spring-webmvc\6.2.1\spring-webmvc-6.2.1.jar;C:\Users\skarvekar12\.m2\repository\org\springframework\spring-aop\6.2.1\spring-aop-6.2.1.jar;C:\Users\skarvekar12\.m2\repository\org\springframework\spring-context\6.2.1\spring-context-6.2.1.jar;C:\Users\skarvekar12\.m2\repository\org\springframework\spring-expression\6.2.1\spring-expression-6.2.1.jar;C:\Users\skarvekar12\.m2\repository\org\slf4j\slf4j-api\2.0.16\slf4j-api-2.0.16.jar;C:\Users\skarvekar12\.m2\repository\org\springframework\spring-core\6.2.1\spring-core-6.2.1.jar;C:\Users\skarvekar12\.m2\repository\org\springframework\spring-jcl\6.2.1\spring-jcl-6.2.1.jar
Launcher Type: SUN_STANDARD

[Global flags]
     intx CICompilerCount                          = 3                                         {product} {ergonomic}
     uint ConcGCThreads                            = 1                                         {product} {ergonomic}
     uint G1ConcRefinementThreads                  = 4                                         {product} {ergonomic}
   size_t G1HeapRegionSize                         = 1048576                                   {product} {ergonomic}
    uintx GCDrainStackTargetSize                   = 64                                        {product} {ergonomic}
   size_t InitialHeapSize                          = 67108864                                  {product} {ergonomic}
   size_t MarkStackSize                            = 4194304                                   {product} {ergonomic}
   size_t MaxHeapSize                              = 1073741824                                {product} {ergonomic}
   size_t MaxNewSize                               = 643825664                                 {product} {ergonomic}
   size_t MinHeapDeltaBytes                        = 1048576                                   {product} {ergonomic}
   size_t MinHeapSize                              = 8388608                                   {product} {ergonomic}
    uintx NonNMethodCodeHeapSize                   = 5832780                                {pd product} {ergonomic}
    uintx NonProfiledCodeHeapSize                  = 122912730                              {pd product} {ergonomic}
    uintx ProfiledCodeHeapSize                     = 122912730                              {pd product} {ergonomic}
    uintx ReservedCodeCacheSize                    = 251658240                              {pd product} {ergonomic}
     bool SegmentedCodeCache                       = true                                      {product} {ergonomic}
   size_t SoftMaxHeapSize                          = 1073741824                             {manageable} {ergonomic}
     bool UseCompressedClassPointers               = true                           {product lp64_product} {ergonomic}
     bool UseCompressedOops                        = true                           {product lp64_product} {ergonomic}
     bool UseG1GC                                  = true                                      {product} {ergonomic}
     bool UseLargePagesIndividualAllocation        = false                                  {pd product} {ergonomic}

Logging:
Log output configuration:
 #0: stdout all=warning uptime,level,tags foldmultilines=false
 #1: stderr all=off uptime,level,tags foldmultilines=false

Environment Variables:
PATH=C:\Program Files\Common Files\Oracle\Java\javapath;C:\Windows\system32;C:\Windows;C:\Windows\System32\Wbem;C:\Windows\System32\WindowsPowerShell\v1.0\;C:\Windows\System32\OpenSSH\;C:\ProgramData\GooGet;C:\Program Files\Google\Compute Engine\metadata_scripts;C:\Program Files (x86)\Google\Cloud SDK\google-cloud-sdk\bin;C:\Program Files\PowerShell\7\;C:\Program Files\Google\Compute Engine\sysprep;C:\Program Files\Git\cmd;C:\Users\skarvekar12\AppData\Local\Microsoft\WindowsApps;
USERNAME=skarvekar12
OS=Windows_NT
PROCESSOR_IDENTIFIER=Intel64 Family 6 Model 79 Stepping 0, GenuineIntel
TMP=C:\Users\SKARVE~1\AppData\Local\Temp\2
TEMP=C:\Users\SKARVE~1\AppData\Local\Temp\2



---------------  S Y S T E M  ---------------

OS:
 Windows Server 2022 , 64 bit Build 26100 (10.0.26100.2454)
OS uptime: 0 days 0:13 hours
KVM virtualization detected

CPU: total 4 (initial active 4) (2 cores per cpu, 2 threads per core) family 6 model 79 stepping 0 microcode 0xffffffff, cx8, cmov, fxsr, ht, mmx, 3dnowpref, sse, sse2, sse3, ssse3, sse4.1, sse4.2, popcnt, lzcnt, tsc, tscinvbit, avx, avx2, aes, erms, clmul, bmi1, bmi2, rtm, adx, fma, vzeroupper, clflush, hv, rdtscp

Memory: 4k page, system-wide physical 4092M (469M free)
TotalPageFile size 5116M (AvailPageFile size 128M)
current process WorkingSet (physical memory assigned to process): 60M, peak: 60M
current process commit charge ("private bytes"): 149M, peak: 149M

vm_info: Java HotSpot(TM) 64-Bit Server VM (19.0.2+7-44) for windows-amd64 JRE (19.0.2+7-44), built on 2022-11-30T18:02:09Z by "mach5one" with MS VC++ 17.1 (VS2022)

END.
