#
# There is insufficient memory for the Java Runtime Environment to continue.
# Native memory allocation (malloc) failed to allocate 845776 bytes for Chunk::new
# Possible reasons:
#   The system is out of physical RAM or swap space
#   The process is running with CompressedOops enabled, and the Java Heap may be blocking the growth of the native heap
# Possible solutions:
#   Reduce memory load on the system
#   Increase physical memory or swap space
#   Check if swap backing store is full
#   Decrease Java heap size (-Xmx/-Xms)
#   Decrease number of Java threads
#   Decrease Java thread stack sizes (-Xss)
#   Set larger code cache with -XX:ReservedCodeCacheSize=
#   JVM is running with Unscaled Compressed Oops mode in which the Java heap is
#     placed in the first 4GB address space. The Java Heap base address is the
#     maximum limit for the native heap growth. Please use -XX:HeapBaseMinAddress
#     to set the Java Heap base and to place the Java Heap above 4GB virtual address.
# This output file may be truncated or incomplete.
#
#  Out of Memory Error (arena.cpp:184), pid=6388, tid=4708
#
# JRE version: Java(TM) SE Runtime Environment (19.0.2+7) (build 19.0.2+7-44)
# Java VM: Java HotSpot(TM) 64-Bit Server VM (19.0.2+7-44, mixed mode, sharing, tiered, compressed oops, compressed class ptrs, g1 gc, windows-amd64)
# Core dump will be written. Default location: C:\Users\skarvekar12\Downloads\spring-boot\boot-repo\31_TodoAppWithJDBC-RowMapperv1\hs_err_pid6388.mdmp
#

---------------  S U M M A R Y ------------

Command Line: -javaagent:C:\Program Files\JetBrains\IntelliJ IDEA Community Edition 2024.3.1.1\lib\idea_rt.jar=49954:C:\Program Files\JetBrains\IntelliJ IDEA Community Edition 2024.3.1.1\bin -Dfile.encoding=UTF-8 -Dsun.stdout.encoding=UTF-8 -Dsun.stderr.encoding=UTF-8 com.wp.todo.Application

Host: Intel(R) Xeon(R) CPU @ 2.20GHz, 4 cores, 3G,  Windows Server 2022 , 64 bit Build 26100 (10.0.26100.2454)
Time: Mon Jan 27 20:20:13 2025 Greenwich Standard Time elapsed time: 4.624312 seconds (0d 0h 0m 4s)

---------------  T H R E A D  ---------------

Current thread (0x000001f3bcdcf380):  JavaThread "C2 CompilerThread1" daemon [_thread_in_native, id=4708, stack(0x0000001fc7100000,0x0000001fc7200000)]


Current CompileTask:
C2:   4624 3049       4       org.springframework.beans.factory.support.AbstractBeanFactory::isTypeMatch (745 bytes)

Stack: [0x0000001fc7100000,0x0000001fc7200000]
Native frames: (J=compiled Java code, j=interpreted, Vv=VM code, C=native code)
V  [jvm.dll+0x6ee21a]
V  [jvm.dll+0x85765e]
V  [jvm.dll+0x85904e]
V  [jvm.dll+0x859703]
V  [jvm.dll+0x28298f]
V  [jvm.dll+0xc9adf]
V  [jvm.dll+0xc9e65]
V  [jvm.dll+0x3bca12]
V  [jvm.dll+0x3860e1]
V  [jvm.dll+0x38555a]
V  [jvm.dll+0x24c3d9]
V  [jvm.dll+0x24b781]
V  [jvm.dll+0x1d6ce1]
V  [jvm.dll+0x25b25a]
V  [jvm.dll+0x2596e8]
V  [jvm.dll+0x807588]
V  [jvm.dll+0x80125a]
V  [jvm.dll+0x6ecf0b]
C  [ucrtbase.dll+0x14ea0]
C  [KERNEL32.DLL+0x2e8d7]
C  [ntdll.dll+0xdfbcc]


---------------  P R O C E S S  ---------------

Threads class SMR info:
_java_thread_list=0x000001f3bdfef070, length=14, elements={
0x000001f39c841140, 0x000001f3b8a12da0, 0x000001f3b8a14440, 0x000001f3b8a17af0,
0x000001f3b8a1a430, 0x000001f3b8a1fb70, 0x000001f3b8a204a0, 0x000001f3b8a23cd0,
0x000001f3b8a25ef0, 0x000001f3b8a3ddf0, 0x000001f3b8ace770, 0x000001f3bcdcf380,
0x000001f3bcec7cb0, 0x000001f3bceaab40
}

Java Threads: ( => current thread )
  0x000001f39c841140 JavaThread "main" [_thread_in_vm, id=5360, stack(0x0000001fc6000000,0x0000001fc6100000)]
  0x000001f3b8a12da0 JavaThread "Reference Handler" daemon [_thread_blocked, id=7284, stack(0x0000001fc6700000,0x0000001fc6800000)]
  0x000001f3b8a14440 JavaThread "Finalizer" daemon [_thread_blocked, id=2916, stack(0x0000001fc6800000,0x0000001fc6900000)]
  0x000001f3b8a17af0 JavaThread "Signal Dispatcher" daemon [_thread_blocked, id=980, stack(0x0000001fc6900000,0x0000001fc6a00000)]
  0x000001f3b8a1a430 JavaThread "Attach Listener" daemon [_thread_blocked, id=7444, stack(0x0000001fc6a00000,0x0000001fc6b00000)]
  0x000001f3b8a1fb70 JavaThread "Service Thread" daemon [_thread_blocked, id=4008, stack(0x0000001fc6b00000,0x0000001fc6c00000)]
  0x000001f3b8a204a0 JavaThread "Monitor Deflation Thread" daemon [_thread_blocked, id=5868, stack(0x0000001fc6c00000,0x0000001fc6d00000)]
  0x000001f3b8a23cd0 JavaThread "C2 CompilerThread0" daemon [_thread_in_native, id=4528, stack(0x0000001fc6d00000,0x0000001fc6e00000)]
  0x000001f3b8a25ef0 JavaThread "C1 CompilerThread0" daemon [_thread_blocked, id=2640, stack(0x0000001fc6e00000,0x0000001fc6f00000)]
  0x000001f3b8a3ddf0 JavaThread "Sweeper thread" daemon [_thread_blocked, id=7896, stack(0x0000001fc6f00000,0x0000001fc7000000)]
  0x000001f3b8ace770 JavaThread "Common-Cleaner" daemon [_thread_blocked, id=524, stack(0x0000001fc7000000,0x0000001fc7100000)]
=>0x000001f3bcdcf380 JavaThread "C2 CompilerThread1" daemon [_thread_in_native, id=4708, stack(0x0000001fc7100000,0x0000001fc7200000)]
  0x000001f3bcec7cb0 JavaThread "Monitor Ctrl-Break" daemon [_thread_in_native, id=4240, stack(0x0000001fc7200000,0x0000001fc7300000)]
  0x000001f3bceaab40 JavaThread "Notification Thread" daemon [_thread_blocked, id=4976, stack(0x0000001fc7300000,0x0000001fc7400000)]

Other Threads:
  0x000001f3b89fa8f0 VMThread "VM Thread" [stack: 0x0000001fc6600000,0x0000001fc6700000] [id=864]
  0x000001f3bcf8b6f0 WatcherThread "VM Periodic Task Thread" [stack: 0x0000001fc7400000,0x0000001fc7500000] [id=4448]
  0x000001f39c8863d0 WorkerThread "GC Thread#0" [stack: 0x0000001fc6100000,0x0000001fc6200000] [id=3960]
  0x000001f3bd6c4e60 WorkerThread "GC Thread#1" [stack: 0x0000001fc7500000,0x0000001fc7600000] [id=4680]
  0x000001f3bd2dc3e0 WorkerThread "GC Thread#2" [stack: 0x0000001fc7600000,0x0000001fc7700000] [id=7356]
  0x000001f3bd5fd6f0 WorkerThread "GC Thread#3" [stack: 0x0000001fc7700000,0x0000001fc7800000] [id=6824]
  0x000001f39c88f240 ConcurrentGCThread "G1 Main Marker" [stack: 0x0000001fc6200000,0x0000001fc6300000] [id=5828]
  0x000001f39c890b90 WorkerThread "G1 Conc#0" [stack: 0x0000001fc6300000,0x0000001fc6400000] [id=5660]
  0x000001f39c8e72a0 ConcurrentGCThread "G1 Refine#0" [stack: 0x0000001fc6400000,0x0000001fc6500000] [id=7160]
  0x000001f39c8e7b90 ConcurrentGCThread "G1 Service" [stack: 0x0000001fc6500000,0x0000001fc6600000] [id=6148]

Threads with active compile tasks:
C2 CompilerThread0     4736 3096       4       org.springframework.beans.factory.support.DefaultListableBeanFactory::requiresEagerInitForType (26 bytes)
C2 CompilerThread1     4736 3049       4       org.springframework.beans.factory.support.AbstractBeanFactory::isTypeMatch (745 bytes)

VM state: not at safepoint (normal execution)

VM Mutex/Monitor currently owned by a thread: None

Heap address: 0x00000000c0000000, size: 1024 MB, Compressed Oops mode: 32-bit

CDS archive(s) mapped at: [0x0000000800000000-0x0000000800c40000-0x0000000800c40000), size 12845056, SharedBaseAddress: 0x0000000800000000, ArchiveRelocationMode: 0.
Compressed class space mapped at: 0x0000000801000000-0x0000000841000000, reserved size: 1073741824
Narrow klass base: 0x0000000800000000, Narrow klass shift: 0, Narrow klass range: 0x100000000

GC Precious Log:
 CardTable entry size: 512
 Card Set container configuration: InlinePtr #cards 5 size 8 Array Of Cards #cards 12 size 40 Howl #buckets 4 coarsen threshold 1843 Howl Bitmap #cards 512 size 80 coarsen threshold 460 Card regions per heap region 1 cards per card region 2048
 CPUs: 4 total, 4 available
 Memory: 4092M
 Large Page Support: Disabled
 NUMA Support: Disabled
 Compressed Oops: Enabled (32-bit)
 Heap Region Size: 1M
 Heap Min Capacity: 8M
 Heap Initial Capacity: 64M
 Heap Max Capacity: 1G
 Pre-touch: Disabled
 Parallel Workers: 4
 Concurrent Workers: 1
 Concurrent Refinement Workers: 4
 Periodic GC: Disabled

Heap:
 garbage-first heap   total 65536K, used 32204K [0x00000000c0000000, 0x0000000100000000)
  region size 1024K, 29 young (29696K), 5 survivors (5120K)
 Metaspace       used 20328K, committed 20672K, reserved 1114112K
  class space    used 2410K, committed 2560K, reserved 1048576K

Heap Regions: E=young(eden), S=young(survivor), O=old, HS=humongous(starts), HC=humongous(continues), CS=collection set, F=free, OA=open archive, CA=closed archive, TAMS=top-at-mark-start (previous, next)
|   0|0x00000000c0000000, 0x00000000c0100000, 0x00000000c0100000|100%| O|  |TAMS 0x00000000c0000000, 0x00000000c0000000| Untracked 
|   1|0x00000000c0100000, 0x00000000c0200000, 0x00000000c0200000|100%| O|  |TAMS 0x00000000c0100000, 0x00000000c0100000| Untracked 
|   2|0x00000000c0200000, 0x00000000c0300000, 0x00000000c0300000|100%| O|  |TAMS 0x00000000c0200000, 0x00000000c0200000| Untracked 
|   3|0x00000000c0300000, 0x00000000c03cf600, 0x00000000c0400000| 81%| O|  |TAMS 0x00000000c0300000, 0x00000000c0300000| Untracked 
|   4|0x00000000c0400000, 0x00000000c0400000, 0x00000000c0500000|  0%| F|  |TAMS 0x00000000c0400000, 0x00000000c0400000| Untracked 
|   5|0x00000000c0500000, 0x00000000c0500000, 0x00000000c0600000|  0%| F|  |TAMS 0x00000000c0500000, 0x00000000c0500000| Untracked 
|   6|0x00000000c0600000, 0x00000000c0600000, 0x00000000c0700000|  0%| F|  |TAMS 0x00000000c0600000, 0x00000000c0600000| Untracked 
|   7|0x00000000c0700000, 0x00000000c0700000, 0x00000000c0800000|  0%| F|  |TAMS 0x00000000c0700000, 0x00000000c0700000| Untracked 
|   8|0x00000000c0800000, 0x00000000c0800000, 0x00000000c0900000|  0%| F|  |TAMS 0x00000000c0800000, 0x00000000c0800000| Untracked 
|   9|0x00000000c0900000, 0x00000000c0900000, 0x00000000c0a00000|  0%| F|  |TAMS 0x00000000c0900000, 0x00000000c0900000| Untracked 
|  10|0x00000000c0a00000, 0x00000000c0a00000, 0x00000000c0b00000|  0%| F|  |TAMS 0x00000000c0a00000, 0x00000000c0a00000| Untracked 
|  11|0x00000000c0b00000, 0x00000000c0b00000, 0x00000000c0c00000|  0%| F|  |TAMS 0x00000000c0b00000, 0x00000000c0b00000| Untracked 
|  12|0x00000000c0c00000, 0x00000000c0c00000, 0x00000000c0d00000|  0%| F|  |TAMS 0x00000000c0c00000, 0x00000000c0c00000| Untracked 
|  13|0x00000000c0d00000, 0x00000000c0d00000, 0x00000000c0e00000|  0%| F|  |TAMS 0x00000000c0d00000, 0x00000000c0d00000| Untracked 
|  14|0x00000000c0e00000, 0x00000000c0e00000, 0x00000000c0f00000|  0%| F|  |TAMS 0x00000000c0e00000, 0x00000000c0e00000| Untracked 
|  15|0x00000000c0f00000, 0x00000000c0f00000, 0x00000000c1000000|  0%| F|  |TAMS 0x00000000c0f00000, 0x00000000c0f00000| Untracked 
|  16|0x00000000c1000000, 0x00000000c1000000, 0x00000000c1100000|  0%| F|  |TAMS 0x00000000c1000000, 0x00000000c1000000| Untracked 
|  17|0x00000000c1100000, 0x00000000c1100000, 0x00000000c1200000|  0%| F|  |TAMS 0x00000000c1100000, 0x00000000c1100000| Untracked 
|  18|0x00000000c1200000, 0x00000000c1200000, 0x00000000c1300000|  0%| F|  |TAMS 0x00000000c1200000, 0x00000000c1200000| Untracked 
|  19|0x00000000c1300000, 0x00000000c1300000, 0x00000000c1400000|  0%| F|  |TAMS 0x00000000c1300000, 0x00000000c1300000| Untracked 
|  20|0x00000000c1400000, 0x00000000c1400000, 0x00000000c1500000|  0%| F|  |TAMS 0x00000000c1400000, 0x00000000c1400000| Untracked 
|  21|0x00000000c1500000, 0x00000000c1500000, 0x00000000c1600000|  0%| F|  |TAMS 0x00000000c1500000, 0x00000000c1500000| Untracked 
|  22|0x00000000c1600000, 0x00000000c1600000, 0x00000000c1700000|  0%| F|  |TAMS 0x00000000c1600000, 0x00000000c1600000| Untracked 
|  23|0x00000000c1700000, 0x00000000c1700000, 0x00000000c1800000|  0%| F|  |TAMS 0x00000000c1700000, 0x00000000c1700000| Untracked 
|  24|0x00000000c1800000, 0x00000000c18a3a58, 0x00000000c1900000| 63%| S|CS|TAMS 0x00000000c1800000, 0x00000000c1800000| Complete 
|  25|0x00000000c1900000, 0x00000000c1a00000, 0x00000000c1a00000|100%| S|CS|TAMS 0x00000000c1900000, 0x00000000c1900000| Complete 
|  26|0x00000000c1a00000, 0x00000000c1b00000, 0x00000000c1b00000|100%| S|CS|TAMS 0x00000000c1a00000, 0x00000000c1a00000| Complete 
|  27|0x00000000c1b00000, 0x00000000c1c00000, 0x00000000c1c00000|100%| S|CS|TAMS 0x00000000c1b00000, 0x00000000c1b00000| Complete 
|  28|0x00000000c1c00000, 0x00000000c1d00000, 0x00000000c1d00000|100%| S|CS|TAMS 0x00000000c1c00000, 0x00000000c1c00000| Complete 
|  29|0x00000000c1d00000, 0x00000000c1d00000, 0x00000000c1e00000|  0%| F|  |TAMS 0x00000000c1d00000, 0x00000000c1d00000| Untracked 
|  30|0x00000000c1e00000, 0x00000000c1e00000, 0x00000000c1f00000|  0%| F|  |TAMS 0x00000000c1e00000, 0x00000000c1e00000| Untracked 
|  31|0x00000000c1f00000, 0x00000000c1f00000, 0x00000000c2000000|  0%| F|  |TAMS 0x00000000c1f00000, 0x00000000c1f00000| Untracked 
|  32|0x00000000c2000000, 0x00000000c2000000, 0x00000000c2100000|  0%| F|  |TAMS 0x00000000c2000000, 0x00000000c2000000| Untracked 
|  33|0x00000000c2100000, 0x00000000c2100000, 0x00000000c2200000|  0%| F|  |TAMS 0x00000000c2100000, 0x00000000c2100000| Untracked 
|  34|0x00000000c2200000, 0x00000000c2200000, 0x00000000c2300000|  0%| F|  |TAMS 0x00000000c2200000, 0x00000000c2200000| Untracked 
|  35|0x00000000c2300000, 0x00000000c2300000, 0x00000000c2400000|  0%| F|  |TAMS 0x00000000c2300000, 0x00000000c2300000| Untracked 
|  36|0x00000000c2400000, 0x00000000c2400000, 0x00000000c2500000|  0%| F|  |TAMS 0x00000000c2400000, 0x00000000c2400000| Untracked 
|  37|0x00000000c2500000, 0x00000000c2500000, 0x00000000c2600000|  0%| F|  |TAMS 0x00000000c2500000, 0x00000000c2500000| Untracked 
|  38|0x00000000c2600000, 0x00000000c2600000, 0x00000000c2700000|  0%| F|  |TAMS 0x00000000c2600000, 0x00000000c2600000| Untracked 
|  39|0x00000000c2700000, 0x00000000c2700000, 0x00000000c2800000|  0%| F|  |TAMS 0x00000000c2700000, 0x00000000c2700000| Untracked 
|  40|0x00000000c2800000, 0x00000000c2877740, 0x00000000c2900000| 46%| E|  |TAMS 0x00000000c2800000, 0x00000000c2800000| Complete 
|  41|0x00000000c2900000, 0x00000000c2a00000, 0x00000000c2a00000|100%| E|CS|TAMS 0x00000000c2900000, 0x00000000c2900000| Complete 
|  42|0x00000000c2a00000, 0x00000000c2b00000, 0x00000000c2b00000|100%| E|CS|TAMS 0x00000000c2a00000, 0x00000000c2a00000| Complete 
|  43|0x00000000c2b00000, 0x00000000c2c00000, 0x00000000c2c00000|100%| E|CS|TAMS 0x00000000c2b00000, 0x00000000c2b00000| Complete 
|  44|0x00000000c2c00000, 0x00000000c2d00000, 0x00000000c2d00000|100%| E|CS|TAMS 0x00000000c2c00000, 0x00000000c2c00000| Complete 
|  45|0x00000000c2d00000, 0x00000000c2e00000, 0x00000000c2e00000|100%| E|CS|TAMS 0x00000000c2d00000, 0x00000000c2d00000| Complete 
|  46|0x00000000c2e00000, 0x00000000c2f00000, 0x00000000c2f00000|100%| E|CS|TAMS 0x00000000c2e00000, 0x00000000c2e00000| Complete 
|  47|0x00000000c2f00000, 0x00000000c3000000, 0x00000000c3000000|100%| E|CS|TAMS 0x00000000c2f00000, 0x00000000c2f00000| Complete 
|  48|0x00000000c3000000, 0x00000000c3100000, 0x00000000c3100000|100%| E|CS|TAMS 0x00000000c3000000, 0x00000000c3000000| Complete 
|  49|0x00000000c3100000, 0x00000000c3200000, 0x00000000c3200000|100%| E|CS|TAMS 0x00000000c3100000, 0x00000000c3100000| Complete 
|  50|0x00000000c3200000, 0x00000000c3300000, 0x00000000c3300000|100%| E|CS|TAMS 0x00000000c3200000, 0x00000000c3200000| Complete 
|  51|0x00000000c3300000, 0x00000000c3400000, 0x00000000c3400000|100%| E|CS|TAMS 0x00000000c3300000, 0x00000000c3300000| Complete 
|  52|0x00000000c3400000, 0x00000000c3500000, 0x00000000c3500000|100%| E|CS|TAMS 0x00000000c3400000, 0x00000000c3400000| Complete 
|  53|0x00000000c3500000, 0x00000000c3600000, 0x00000000c3600000|100%| E|CS|TAMS 0x00000000c3500000, 0x00000000c3500000| Complete 
|  54|0x00000000c3600000, 0x00000000c3700000, 0x00000000c3700000|100%| E|CS|TAMS 0x00000000c3600000, 0x00000000c3600000| Complete 
|  55|0x00000000c3700000, 0x00000000c3800000, 0x00000000c3800000|100%| E|CS|TAMS 0x00000000c3700000, 0x00000000c3700000| Complete 
|  56|0x00000000c3800000, 0x00000000c3900000, 0x00000000c3900000|100%| E|CS|TAMS 0x00000000c3800000, 0x00000000c3800000| Complete 
|  57|0x00000000c3900000, 0x00000000c3a00000, 0x00000000c3a00000|100%| E|CS|TAMS 0x00000000c3900000, 0x00000000c3900000| Complete 
|  58|0x00000000c3a00000, 0x00000000c3b00000, 0x00000000c3b00000|100%| E|CS|TAMS 0x00000000c3a00000, 0x00000000c3a00000| Complete 
|  59|0x00000000c3b00000, 0x00000000c3c00000, 0x00000000c3c00000|100%| E|CS|TAMS 0x00000000c3b00000, 0x00000000c3b00000| Complete 
|  60|0x00000000c3c00000, 0x00000000c3d00000, 0x00000000c3d00000|100%| E|CS|TAMS 0x00000000c3c00000, 0x00000000c3c00000| Complete 
|  61|0x00000000c3d00000, 0x00000000c3e00000, 0x00000000c3e00000|100%| E|CS|TAMS 0x00000000c3d00000, 0x00000000c3d00000| Complete 
|  62|0x00000000c3e00000, 0x00000000c3f00000, 0x00000000c3f00000|100%| E|CS|TAMS 0x00000000c3e00000, 0x00000000c3e00000| Complete 
|  63|0x00000000c3f00000, 0x00000000c4000000, 0x00000000c4000000|100%| E|CS|TAMS 0x00000000c3f00000, 0x00000000c3f00000| Complete 

Card table byte_map: [0x000001f3b4090000,0x000001f3b4290000] _byte_map_base: 0x000001f3b3a90000

Marking Bits (Prev, Next): (CMBitMap*) 0x000001f39c886910, (CMBitMap*) 0x000001f39c886950
 Prev Bits: [0x000001f3b4490000, 0x000001f3b5490000)
 Next Bits: [0x000001f3b5490000, 0x000001f3b6490000)

Polling page: 0x000001f39b020000

Metaspace:

Usage:
  Non-class:     17.51 MB used.
      Class:      2.35 MB used.
       Both:     19.86 MB used.

Virtual space:
  Non-class space:       64.00 MB reserved,      17.69 MB ( 28%) committed,  1 nodes.
      Class space:        1.00 GB reserved,       2.50 MB ( <1%) committed,  1 nodes.
             Both:        1.06 GB reserved,      20.19 MB (  2%) committed. 

Chunk freelists:
   Non-Class:  1.94 MB
       Class:  1.48 MB
        Both:  3.42 MB

MaxMetaspaceSize: unlimited
CompressedClassSpaceSize: 1.00 GB
Initial GC threshold: 21.00 MB
Current GC threshold: 21.00 MB
CDS: on
MetaspaceReclaimPolicy: balanced
 - commit_granule_bytes: 65536.
 - commit_granule_words: 8192.
 - virtual_space_node_default_size: 8388608.
 - enlarge_chunks_in_place: 1.
 - new_chunks_are_fully_committed: 0.
 - uncommit_free_chunks: 1.
 - use_allocation_guard: 0.


Internal statistics:

num_allocs_failed_limit: 0.
num_arena_births: 334.
num_arena_deaths: 0.
num_vsnodes_births: 2.
num_vsnodes_deaths: 0.
num_space_committed: 323.
num_space_uncommitted: 0.
num_chunks_returned_to_freelist: 0.
num_chunks_taken_from_freelist: 1023.
num_chunk_merges: 0.
num_chunk_splits: 707.
num_chunks_enlarged: 540.
num_inconsistent_stats: 0.

CodeHeap 'non-profiled nmethods': size=120000Kb used=1272Kb max_used=1272Kb free=118727Kb
 bounds [0x000001f3ac340000, 0x000001f3ac5b0000, 0x000001f3b3870000]
CodeHeap 'profiled nmethods': size=120000Kb used=6327Kb max_used=6327Kb free=113672Kb
 bounds [0x000001f3a4870000, 0x000001f3a4ea0000, 0x000001f3abda0000]
CodeHeap 'non-nmethods': size=5760Kb used=1294Kb max_used=1345Kb free=4465Kb
 bounds [0x000001f3abda0000, 0x000001f3ac010000, 0x000001f3ac340000]
 total_blobs=3627 nmethods=3114 adapters=423
 compilation: enabled
              stopped_count=0, restarted_count=0
 full_count=0

Compilation events (20 events):
Event: 4.553 Thread 0x000001f3b8a25ef0 3075       3       org.springframework.beans.factory.support.AbstractBeanDefinition::hasConstructorArgumentValues (23 bytes)
Event: 4.554 Thread 0x000001f3b8a25ef0 nmethod 3075 0x000001f3a4e88010 code [0x000001f3a4e881e0, 0x000001f3a4e88638]
Event: 4.554 Thread 0x000001f3b8a25ef0 3076       1       org.springframework.core.annotation.AnnotationsProcessor::doWithAggregate (2 bytes)
Event: 4.554 Thread 0x000001f3b8a25ef0 nmethod 3076 0x000001f3ac46ac10 code [0x000001f3ac46ada0, 0x000001f3ac46ae78]
Event: 4.555 Thread 0x000001f3b8a25ef0 3077       3       org.springframework.core.annotation.AnnotationTypeMapping::areEquivalent (95 bytes)
Event: 4.555 Thread 0x000001f3b8a25ef0 nmethod 3077 0x000001f3a4e88790 code [0x000001f3a4e88a00, 0x000001f3a4e89948]
Event: 4.557 Thread 0x000001f3b8a25ef0 3078       3       org.springframework.core.OrderComparator::compare (8 bytes)
Event: 4.558 Thread 0x000001f3b8a25ef0 nmethod 3078 0x000001f3a4e89b90 code [0x000001f3a4e89d40, 0x000001f3a4e89e88]
Event: 4.566 Thread 0x000001f3b8a25ef0 3079       1       org.springframework.boot.autoconfigure.condition.OnBeanCondition$Spec::getAnnotations (5 bytes)
Event: 4.566 Thread 0x000001f3b8a25ef0 nmethod 3079 0x000001f3ac46af10 code [0x000001f3ac46b0a0, 0x000001f3ac46b158]
Event: 4.566 Thread 0x000001f3b8a25ef0 3080       1       org.springframework.boot.autoconfigure.condition.OnBeanCondition$Spec::getNames (5 bytes)
Event: 4.566 Thread 0x000001f3b8a25ef0 nmethod 3080 0x000001f3ac46b210 code [0x000001f3ac46b3a0, 0x000001f3ac46b458]
Event: 4.566 Thread 0x000001f3b8a25ef0 3081       1       java.util.Collections$SingletonSet::size (2 bytes)
Event: 4.566 Thread 0x000001f3b8a25ef0 nmethod 3081 0x000001f3ac46b510 code [0x000001f3ac46b6a0, 0x000001f3ac46b778]
Event: 4.572 Thread 0x000001f3b8a25ef0 3082       3       org.springframework.core.annotation.TypeMappedAnnotations$MergedAnnotationFinder::finish (9 bytes)
Event: 4.572 Thread 0x000001f3b8a25ef0 nmethod 3082 0x000001f3a4e89f10 code [0x000001f3a4e8a0c0, 0x000001f3a4e8a3d8]
Event: 4.572 Thread 0x000001f3b8a25ef0 3083       3       org.springframework.core.annotation.TypeMappedAnnotations$MergedAnnotationFinder::finish (13 bytes)
Event: 4.572 Thread 0x000001f3b8a25ef0 nmethod 3083 0x000001f3a4e8a490 code [0x000001f3a4e8a620, 0x000001f3a4e8a778]
Event: 4.574 Thread 0x000001f3b8a25ef0 3084       1       java.lang.reflect.Field::getName (5 bytes)
Event: 4.574 Thread 0x000001f3b8a25ef0 nmethod 3084 0x000001f3ac46b810 code [0x000001f3ac46b9a0, 0x000001f3ac46ba58]

GC Heap History (6 events):
Event: 1.241 GC heap before
{Heap before GC invocations=0 (full 0):
 garbage-first heap   total 65536K, used 13312K [0x00000000c0000000, 0x0000000100000000)
  region size 1024K, 13 young (13312K), 0 survivors (0K)
 Metaspace       used 4276K, committed 4544K, reserved 1114112K
  class space    used 453K, committed 576K, reserved 1048576K
}
Event: 1.251 GC heap after
{Heap after GC invocations=1 (full 0):
 garbage-first heap   total 65536K, used 3923K [0x00000000c0000000, 0x0000000100000000)
  region size 1024K, 2 young (2048K), 2 survivors (2048K)
 Metaspace       used 4276K, committed 4544K, reserved 1114112K
  class space    used 453K, committed 576K, reserved 1048576K
}
Event: 2.084 GC heap before
{Heap before GC invocations=1 (full 0):
 garbage-first heap   total 65536K, used 18259K [0x00000000c0000000, 0x0000000100000000)
  region size 1024K, 16 young (16384K), 2 survivors (2048K)
 Metaspace       used 8215K, committed 8448K, reserved 1114112K
  class space    used 993K, committed 1088K, reserved 1048576K
}
Event: 2.096 GC heap after
{Heap after GC invocations=2 (full 0):
 garbage-first heap   total 65536K, used 5286K [0x00000000c0000000, 0x0000000100000000)
  region size 1024K, 2 young (2048K), 2 survivors (2048K)
 Metaspace       used 8215K, committed 8448K, reserved 1114112K
  class space    used 993K, committed 1088K, reserved 1048576K
}
Event: 3.036 GC heap before
{Heap before GC invocations=2 (full 0):
 garbage-first heap   total 65536K, used 38054K [0x00000000c0000000, 0x0000000100000000)
  region size 1024K, 35 young (35840K), 2 survivors (2048K)
 Metaspace       used 17078K, committed 17408K, reserved 1114112K
  class space    used 2027K, committed 2176K, reserved 1048576K
}
Event: 3.047 GC heap after
{Heap after GC invocations=3 (full 0):
 garbage-first heap   total 65536K, used 8652K [0x00000000c0000000, 0x0000000100000000)
  region size 1024K, 5 young (5120K), 5 survivors (5120K)
 Metaspace       used 17078K, committed 17408K, reserved 1114112K
  class space    used 2027K, committed 2176K, reserved 1048576K
}

Dll operation events (11 events):
Event: 0.023 Loaded shared library C:\Program Files\Java\jdk-19\bin\java.dll
Event: 0.053 Loaded shared library C:\Program Files\Java\jdk-19\bin\jsvml.dll
Event: 0.210 Loaded shared library C:\Program Files\Java\jdk-19\bin\zip.dll
Event: 0.215 Loaded shared library C:\Program Files\Java\jdk-19\bin\instrument.dll
Event: 0.225 Loaded shared library C:\Program Files\Java\jdk-19\bin\net.dll
Event: 0.229 Loaded shared library C:\Program Files\Java\jdk-19\bin\nio.dll
Event: 0.234 Loaded shared library C:\Program Files\Java\jdk-19\bin\zip.dll
Event: 0.344 Loaded shared library C:\Program Files\JetBrains\IntelliJ IDEA Community Edition 2024.3.1.1\bin\breakgen64.dll
Event: 0.362 Loaded shared library C:\Program Files\Java\jdk-19\bin\extnet.dll
Event: 0.452 Loaded shared library C:\Program Files\Java\jdk-19\bin\jimage.dll
Event: 2.997 Loaded shared library C:\Program Files\Java\jdk-19\bin\sunmscapi.dll

Deoptimization events (20 events):
Event: 3.731 Thread 0x000001f39c841140 Uncommon trap: trap_request=0xffffffde fr.pc=0x000001f3ac34f13c relative=0x000000000000019c
Event: 3.731 Thread 0x000001f39c841140 Uncommon trap: reason=class_check action=maybe_recompile pc=0x000001f3ac34f13c method=java.lang.String.equals(Ljava/lang/Object;)Z @ 8 c2
Event: 3.731 Thread 0x000001f39c841140 DEOPT PACKING pc=0x000001f3ac34f13c sp=0x0000001fc60fe960
Event: 3.731 Thread 0x000001f39c841140 DEOPT UNPACKING pc=0x000001f3abe06da3 sp=0x0000001fc60fe8f8 mode 2
Event: 3.731 Thread 0x000001f39c841140 Uncommon trap: trap_request=0xffffffde fr.pc=0x000001f3ac34f13c relative=0x000000000000019c
Event: 3.731 Thread 0x000001f39c841140 Uncommon trap: reason=class_check action=maybe_recompile pc=0x000001f3ac34f13c method=java.lang.String.equals(Ljava/lang/Object;)Z @ 8 c2
Event: 3.731 Thread 0x000001f39c841140 DEOPT PACKING pc=0x000001f3ac34f13c sp=0x0000001fc60fe960
Event: 3.731 Thread 0x000001f39c841140 DEOPT UNPACKING pc=0x000001f3abe06da3 sp=0x0000001fc60fe8f8 mode 2
Event: 3.731 Thread 0x000001f39c841140 Uncommon trap: trap_request=0xffffffde fr.pc=0x000001f3ac34f13c relative=0x000000000000019c
Event: 3.731 Thread 0x000001f39c841140 Uncommon trap: reason=class_check action=maybe_recompile pc=0x000001f3ac34f13c method=java.lang.String.equals(Ljava/lang/Object;)Z @ 8 c2
Event: 3.731 Thread 0x000001f39c841140 DEOPT PACKING pc=0x000001f3ac34f13c sp=0x0000001fc60fe960
Event: 3.731 Thread 0x000001f39c841140 DEOPT UNPACKING pc=0x000001f3abe06da3 sp=0x0000001fc60fe8f8 mode 2
Event: 3.732 Thread 0x000001f39c841140 Uncommon trap: trap_request=0xffffffde fr.pc=0x000001f3ac43b614 relative=0x0000000000000434
Event: 3.732 Thread 0x000001f39c841140 Uncommon trap: reason=class_check action=maybe_recompile pc=0x000001f3ac43b614 method=java.lang.String.equals(Ljava/lang/Object;)Z @ 8 c2
Event: 3.732 Thread 0x000001f39c841140 DEOPT PACKING pc=0x000001f3ac43b614 sp=0x0000001fc60fe6b0
Event: 3.733 Thread 0x000001f39c841140 DEOPT UNPACKING pc=0x000001f3abe06da3 sp=0x0000001fc60fe578 mode 2
Event: 3.733 Thread 0x000001f39c841140 Uncommon trap: trap_request=0xffffffde fr.pc=0x000001f3ac34f13c relative=0x000000000000019c
Event: 3.733 Thread 0x000001f39c841140 Uncommon trap: reason=class_check action=maybe_recompile pc=0x000001f3ac34f13c method=java.lang.String.equals(Ljava/lang/Object;)Z @ 8 c2
Event: 3.733 Thread 0x000001f39c841140 DEOPT PACKING pc=0x000001f3ac34f13c sp=0x0000001fc60fe5e0
Event: 3.733 Thread 0x000001f39c841140 DEOPT UNPACKING pc=0x000001f3abe06da3 sp=0x0000001fc60fe578 mode 2

Classes loaded (20 events):
Event: 3.028 Loading class javax/naming/ldap/LdapContext
Event: 3.028 Loading class javax/naming/directory/DirContext
Event: 3.028 Loading class javax/naming/directory/DirContext done
Event: 3.029 Loading class javax/naming/ldap/LdapContext done
Event: 3.034 Loading class sun/security/provider/certpath/ldap/JdkLDAP
Event: 3.034 Loading class sun/security/provider/certpath/ldap/JdkLDAP done
Event: 3.035 Loading class sun/security/provider/certpath/ldap/JdkLDAP$ProviderService
Event: 3.035 Loading class sun/security/provider/certpath/ldap/JdkLDAP$ProviderService done
Event: 3.048 Loading class com/sun/security/sasl/Provider
Event: 3.048 Loading class com/sun/security/sasl/Provider done
Event: 3.050 Loading class com/sun/security/sasl/Provider$1
Event: 3.051 Loading class com/sun/security/sasl/Provider$1 done
Event: 3.051 Loading class com/sun/security/sasl/Provider$ProviderService
Event: 3.051 Loading class com/sun/security/sasl/Provider$ProviderService done
Event: 3.371 Loading class java/beans/PropertyVetoException
Event: 3.371 Loading class java/beans/PropertyVetoException done
Event: 4.422 Loading class java/lang/UnsupportedClassVersionError
Event: 4.422 Loading class java/lang/ClassFormatError
Event: 4.422 Loading class java/lang/ClassFormatError done
Event: 4.422 Loading class java/lang/UnsupportedClassVersionError done

Classes unloaded (0 events):
No events

Classes redefined (0 events):
No events

Internal exceptions (20 events):
Event: 1.873 Thread 0x000001f39c841140 Exception <a 'java/lang/NoSuchMethodError'{0x00000000c3469e20}: 'void java.lang.invoke.DirectMethodHandle$Holder.invokeInterface(java.lang.Object, java.lang.Object, java.lang.Object)'> (0x00000000c3469e20) 
thrown [s\open\src\hotspot\share\interpreter\linkResolver.cpp, line 774]
Event: 1.934 Thread 0x000001f39c841140 Exception <a 'java/lang/NoSuchMethodError'{0x00000000c34e7da8}: 'void java.lang.invoke.DirectMethodHandle$Holder.invokeStaticInit(java.lang.Object, java.lang.Object, java.lang.Object)'> (0x00000000c34e7da8) 
thrown [s\open\src\hotspot\share\interpreter\linkResolver.cpp, line 774]
Event: 1.947 Thread 0x000001f39c841140 Exception <a 'java/lang/NoSuchMethodError'{0x00000000c33043c8}: 'java.lang.Object java.lang.invoke.DirectMethodHandle$Holder.invokeVirtual(java.lang.Object, java.lang.Object, java.lang.Object)'> (0x00000000c33043c8) 
thrown [s\open\src\hotspot\share\interpreter\linkResolver.cpp, line 774]
Event: 1.987 Thread 0x000001f39c841140 Exception <a 'java/lang/NoSuchMethodError'{0x00000000c3388cf8}: 'void java.lang.invoke.DirectMethodHandle$Holder.invokeVirtual(java.lang.Object, java.lang.Object, java.lang.Object, java.lang.Object)'> (0x00000000c3388cf8) 
thrown [s\open\src\hotspot\share\interpreter\linkResolver.cpp, line 774]
Event: 2.113 Thread 0x000001f39c841140 Exception <a 'java/lang/NoSuchMethodError'{0x00000000c3f21660}: 'void java.lang.invoke.DirectMethodHandle$Holder.invokeSpecial(java.lang.Object, java.lang.Object, java.lang.Object)'> (0x00000000c3f21660) 
thrown [s\open\src\hotspot\share\interpreter\linkResolver.cpp, line 774]
Event: 2.153 Thread 0x000001f39c841140 Exception <a 'java/lang/NoSuchMethodError'{0x00000000c3f91588}: 'java.lang.reflect.Field[] java.lang.Class.getDeclaredFields(java.lang.Class)'> (0x00000000c3f91588) 
thrown [s\open\src\hotspot\share\interpreter\linkResolver.cpp, line 774]
Event: 2.183 Thread 0x000001f39c841140 Exception <a 'java/lang/NoSuchMethodError'{0x00000000c3f95fe0}: 'java.lang.Object java.lang.invoke.DirectMethodHandle$Holder.invokeStatic(java.lang.Object, java.lang.Object, int)'> (0x00000000c3f95fe0) 
thrown [s\open\src\hotspot\share\interpreter\linkResolver.cpp, line 774]
Event: 2.184 Thread 0x000001f3bd2dbbf0 Exception <a 'java/lang/NoClassDefFoundError'{0x00000000c3fcd890}: jakarta/validation/Validation> (0x00000000c3fcd890) 
thrown [s\open\src\hotspot\share\classfile\systemDictionary.cpp, line 244]
Event: 2.185 Thread 0x000001f39c841140 Exception <a 'java/lang/NoSuchMethodError'{0x00000000c3fa17e0}: 'void java.lang.invoke.DelegatingMethodHandle$Holder.delegate(java.lang.Object, java.lang.Object, int, java.lang.Object)'> (0x00000000c3fa17e0) 
thrown [s\open\src\hotspot\share\interpreter\linkResolver.cpp, line 774]
Event: 2.208 Thread 0x000001f39c841140 Exception <a 'java/lang/IncompatibleClassChangeError'{0x00000000c3eebf60}: Found class java.lang.Object, but interface was expected> (0x00000000c3eebf60) 
thrown [s\open\src\hotspot\share\interpreter\linkResolver.cpp, line 841]
Event: 2.747 Thread 0x000001f39c841140 Exception <a 'sun/nio/fs/WindowsException'{0x00000000c25cd078}> (0x00000000c25cd078) 
thrown [s\open\src\hotspot\share\prims\jni.cpp, line 517]
Event: 2.748 Thread 0x000001f39c841140 Exception <a 'java/lang/NoSuchMethodError'{0x00000000c25cea08}: 'int java.lang.invoke.DirectMethodHandle$Holder.invokeSpecial(java.lang.Object, java.lang.Object, java.lang.Object, java.lang.Object, java.lang.Object)'> (0x00000000c25cea08) 
thrown [s\open\src\hotspot\share\interpreter\linkResolver.cpp, line 774]
Event: 2.751 Thread 0x000001f39c841140 Exception <a 'java/lang/NoSuchMethodError'{0x00000000c25d7938}: 'void java.lang.invoke.DirectMethodHandle$Holder.invokeVirtual(java.lang.Object, java.lang.Object)'> (0x00000000c25d7938) 
thrown [s\open\src\hotspot\share\interpreter\linkResolver.cpp, line 774]
Event: 2.791 Thread 0x000001f3bd2dbbf0 Exception <a 'java/lang/NoSuchMethodError'{0x00000000c238aec8}: 'long java.lang.invoke.DirectMethodHandle$Holder.invokeSpecial(java.lang.Object, java.lang.Object)'> (0x00000000c238aec8) 
thrown [s\open\src\hotspot\share\interpreter\linkResolver.cpp, line 774]
Event: 2.794 Thread 0x000001f3bd2dbbf0 Exception <a 'java/lang/NoSuchMethodError'{0x00000000c2395d98}: 'long java.lang.invoke.DirectMethodHandle$Holder.invokeStatic(java.lang.Object, java.lang.Object)'> (0x00000000c2395d98) 
thrown [s\open\src\hotspot\share\interpreter\linkResolver.cpp, line 774]
Event: 2.794 Thread 0x000001f3bd2dbbf0 Exception <a 'java/lang/NoSuchMethodError'{0x00000000c23990f0}: 'long java.lang.invoke.DirectMethodHandle$Holder.invokeStaticInit(java.lang.Object, java.lang.Object)'> (0x00000000c23990f0) 
thrown [s\open\src\hotspot\share\interpreter\linkResolver.cpp, line 774]
Event: 2.797 Thread 0x000001f3bd2dbbf0 Exception <a 'java/lang/NoSuchMethodError'{0x00000000c23a6e50}: 'long java.lang.invoke.DirectMethodHandle$Holder.invokeInterface(java.lang.Object, java.lang.Object)'> (0x00000000c23a6e50) 
thrown [s\open\src\hotspot\share\interpreter\linkResolver.cpp, line 774]
Event: 2.798 Thread 0x000001f3bd2dbbf0 Exception <a 'java/lang/IncompatibleClassChangeError'{0x00000000c2202430}: Found class java.lang.Object, but interface was expected> (0x00000000c2202430) 
thrown [s\open\src\hotspot\share\interpreter\linkResolver.cpp, line 841]
Event: 2.803 Thread 0x000001f3bd2dbbf0 Exception <a 'java/lang/NoSuchMethodError'{0x00000000c2218508}: 'java.lang.Object java.lang.invoke.DirectMethodHandle$Holder.invokeVirtual(java.lang.Object, java.lang.Object, java.lang.Object, java.lang.Object)'> (0x00000000c2218508) 
thrown [s\open\src\hotspot\share\interpreter\linkResolver.cpp, line 774]
Event: 3.090 Thread 0x000001f39c841140 Exception <a 'java/lang/IncompatibleClassChangeError'{0x00000000c3d145b0}: Found class java.lang.Object, but interface was expected> (0x00000000c3d145b0) 
thrown [s\open\src\hotspot\share\interpreter\linkResolver.cpp, line 841]

VM Operations (20 events):
Event: 2.155 Executing VM operation: HandshakeAllThreads
Event: 2.182 Executing VM operation: HandshakeAllThreads done
Event: 2.476 Executing VM operation: HandshakeAllThreads
Event: 2.476 Executing VM operation: HandshakeAllThreads done
Event: 2.718 Executing VM operation: HandshakeAllThreads
Event: 2.718 Executing VM operation: HandshakeAllThreads done
Event: 2.829 Executing VM operation: ICBufferFull
Event: 2.829 Executing VM operation: ICBufferFull done
Event: 2.896 Executing VM operation: HandshakeAllThreads
Event: 2.896 Executing VM operation: HandshakeAllThreads done
Event: 3.006 Executing VM operation: HandshakeAllThreads
Event: 3.006 Executing VM operation: HandshakeAllThreads done
Event: 3.035 Executing VM operation: G1CollectForAllocation
Event: 3.047 Executing VM operation: G1CollectForAllocation done
Event: 3.099 Executing VM operation: HandshakeAllThreads
Event: 3.099 Executing VM operation: HandshakeAllThreads done
Event: 3.655 Executing VM operation: ICBufferFull
Event: 3.656 Executing VM operation: ICBufferFull done
Event: 4.413 Executing VM operation: ICBufferFull
Event: 4.413 Executing VM operation: ICBufferFull done

Events (18 events):
Event: 0.054 Thread 0x000001f39c841140 Thread added: 0x000001f39c841140
Event: 0.084 Thread 0x000001f3b8a12da0 Thread added: 0x000001f3b8a12da0
Event: 0.084 Thread 0x000001f3b8a14440 Thread added: 0x000001f3b8a14440
Event: 0.085 Thread 0x000001f3b8a17af0 Thread added: 0x000001f3b8a17af0
Event: 0.085 Thread 0x000001f3b8a1a430 Thread added: 0x000001f3b8a1a430
Event: 0.085 Thread 0x000001f3b8a1fb70 Thread added: 0x000001f3b8a1fb70
Event: 0.085 Thread 0x000001f3b8a204a0 Thread added: 0x000001f3b8a204a0
Event: 0.086 Thread 0x000001f3b8a23cd0 Thread added: 0x000001f3b8a23cd0
Event: 0.086 Thread 0x000001f3b8a25ef0 Thread added: 0x000001f3b8a25ef0
Event: 0.086 Thread 0x000001f3b8a3ddf0 Thread added: 0x000001f3b8a3ddf0
Event: 0.178 Thread 0x000001f3b8ace770 Thread added: 0x000001f3b8ace770
Event: 0.304 Thread 0x000001f3bcdcf380 Thread added: 0x000001f3bcdcf380
Event: 0.345 Thread 0x000001f3bcec7cb0 Thread added: 0x000001f3bcec7cb0
Event: 0.345 Thread 0x000001f3bceaab40 Thread added: 0x000001f3bceaab40
Event: 2.121 Thread 0x000001f3bd2dbbf0 Thread added: 0x000001f3bd2dbbf0
Event: 2.981 Thread 0x000001f3bde00020 Thread added: 0x000001f3bde00020
Event: 3.055 Thread 0x000001f3bd2dbbf0 Thread exited: 0x000001f3bd2dbbf0
Event: 3.061 Thread 0x000001f3bde00020 Thread exited: 0x000001f3bde00020


Dynamic libraries:
0x00007ff60b660000 - 0x00007ff60b670000 	C:\Program Files\Java\jdk-19\bin\java.exe
0x00007ffc99000000 - 0x00007ffc99263000 	C:\Windows\SYSTEM32\ntdll.dll
0x00007ffc977d0000 - 0x00007ffc97898000 	C:\Windows\System32\KERNEL32.DLL
0x00007ffc96860000 - 0x00007ffc96c12000 	C:\Windows\System32\KERNELBASE.dll
0x00007ffc96520000 - 0x00007ffc9666b000 	C:\Windows\System32\ucrtbase.dll
0x00007ffc83440000 - 0x00007ffc8345b000 	C:\Program Files\Java\jdk-19\bin\VCRUNTIME140.dll
0x00007ffc82b20000 - 0x00007ffc82b38000 	C:\Program Files\Java\jdk-19\bin\jli.dll
0x00007ffc98610000 - 0x00007ffc986c4000 	C:\Windows\System32\ADVAPI32.dll
0x00007ffc97b40000 - 0x00007ffc97be9000 	C:\Windows\System32\msvcrt.dll
0x00007ffc97110000 - 0x00007ffc971b6000 	C:\Windows\System32\sechost.dll
0x00007ffc97a20000 - 0x00007ffc97b36000 	C:\Windows\System32\RPCRT4.dll
0x00007ffc97600000 - 0x00007ffc977c8000 	C:\Windows\System32\USER32.dll
0x00007ffc96e30000 - 0x00007ffc96e57000 	C:\Windows\System32\win32u.dll
0x00007ffc79850000 - 0x00007ffc79ae0000 	C:\Windows\WinSxS\amd64_microsoft.windows.common-controls_6595b64144ccf1df_6.0.26100.2454_none_3e0b68a2e331ad60\COMCTL32.dll
0x00007ffc98280000 - 0x00007ffc982aa000 	C:\Windows\System32\GDI32.dll
0x00007ffc96730000 - 0x00007ffc9685b000 	C:\Windows\System32\gdi32full.dll
0x00007ffc96470000 - 0x00007ffc96513000 	C:\Windows\System32\msvcp_win.dll
0x00007ffc8b110000 - 0x00007ffc8b11b000 	C:\Windows\SYSTEM32\VERSION.dll
0x00007ffc985a0000 - 0x00007ffc985cf000 	C:\Windows\System32\IMM32.DLL
0x00007ffc83430000 - 0x00007ffc8343c000 	C:\Program Files\Java\jdk-19\bin\vcruntime140_1.dll
0x00007ffc80680000 - 0x00007ffc8070e000 	C:\Program Files\Java\jdk-19\bin\msvcp140.dll
0x00007ffc643e0000 - 0x00007ffc650a0000 	C:\Program Files\Java\jdk-19\bin\server\jvm.dll
0x00007ffc82b10000 - 0x00007ffc82b1a000 	C:\Windows\SYSTEM32\WSOCK32.dll
0x00007ffc98750000 - 0x00007ffc987c4000 	C:\Windows\System32\WS2_32.dll
0x00007ffc93df0000 - 0x00007ffc93e26000 	C:\Windows\SYSTEM32\WINMM.dll
0x00007ffc94850000 - 0x00007ffc9486a000 	C:\Windows\SYSTEM32\kernel.appcore.dll
0x00007ffc82b00000 - 0x00007ffc82b0a000 	C:\Program Files\Java\jdk-19\bin\jimage.dll
0x00007ffc8aa30000 - 0x00007ffc8ac71000 	C:\Windows\SYSTEM32\DBGHELP.DLL
0x00007ffc97210000 - 0x00007ffc9758e000 	C:\Windows\System32\combase.dll
0x00007ffc984a0000 - 0x00007ffc98576000 	C:\Windows\System32\OLEAUT32.dll
0x00007ffc88fa0000 - 0x00007ffc88fd9000 	C:\Windows\SYSTEM32\dbgcore.DLL
0x00007ffc963d0000 - 0x00007ffc96469000 	C:\Windows\System32\bcryptPrimitives.dll
0x00007ffc805e0000 - 0x00007ffc805ee000 	C:\Program Files\Java\jdk-19\bin\instrument.dll
0x00007ffc82560000 - 0x00007ffc82586000 	C:\Program Files\Java\jdk-19\bin\java.dll
0x00007ffc80110000 - 0x00007ffc801e7000 	C:\Program Files\Java\jdk-19\bin\jsvml.dll
0x00007ffc987d0000 - 0x00007ffc98ed0000 	C:\Windows\System32\SHELL32.dll
0x00007ffc884a0000 - 0x00007ffc88cd1000 	C:\Windows\SYSTEM32\windows.storage.dll
0x00007ffc98ee0000 - 0x00007ffc98fba000 	C:\Windows\System32\SHCORE.dll
0x00007ffc975a0000 - 0x00007ffc975fd000 	C:\Windows\System32\shlwapi.dll
0x00007ffc962e0000 - 0x00007ffc9630e000 	C:\Windows\SYSTEM32\profapi.dll
0x00007ffc81b10000 - 0x00007ffc81b28000 	C:\Program Files\Java\jdk-19\bin\zip.dll
0x00007ffc82000000 - 0x00007ffc82013000 	C:\Program Files\Java\jdk-19\bin\net.dll
0x00007ffc90b90000 - 0x00007ffc90cb6000 	C:\Windows\SYSTEM32\WINHTTP.dll
0x00007ffc95710000 - 0x00007ffc95778000 	C:\Windows\system32\mswsock.dll
0x00007ffc81fe0000 - 0x00007ffc81ff6000 	C:\Program Files\Java\jdk-19\bin\nio.dll
0x00007ffc77c70000 - 0x00007ffc77c8a000 	C:\Program Files\JetBrains\IntelliJ IDEA Community Edition 2024.3.1.1\bin\breakgen64.dll
0x00007ffc81fa0000 - 0x00007ffc81fa8000 	C:\Program Files\Java\jdk-19\bin\extnet.dll
0x00007ffc816d0000 - 0x00007ffc816de000 	C:\Program Files\Java\jdk-19\bin\sunmscapi.dll
0x00007ffc96c20000 - 0x00007ffc96d96000 	C:\Windows\System32\CRYPT32.dll
0x00007ffc95bb0000 - 0x00007ffc95be0000 	C:\Windows\SYSTEM32\ncrypt.dll
0x00007ffc95b60000 - 0x00007ffc95b9f000 	C:\Windows\SYSTEM32\NTASN1.dll
0x00007ffc70b30000 - 0x00007ffc70bc8000 	C:\Windows\SYSTEM32\symsrv.dll
0x00007ffc95bf0000 - 0x00007ffc95c16000 	C:\Windows\SYSTEM32\bcrypt.dll

dbghelp: loaded successfully - version: 4.0.5 - missing functions: none
symbol engine: initialized successfully - sym options: 0x614 - pdb path: .;C:\Program Files\Java\jdk-19\bin;C:\Windows\SYSTEM32;C:\Windows\WinSxS\amd64_microsoft.windows.common-controls_6595b64144ccf1df_6.0.26100.2454_none_3e0b68a2e331ad60;C:\Program Files\Java\jdk-19\bin\server;C:\Program Files\JetBrains\IntelliJ IDEA Community Edition 2024.3.1.1\bin

VM Arguments:
jvm_args: -javaagent:C:\Program Files\JetBrains\IntelliJ IDEA Community Edition 2024.3.1.1\lib\idea_rt.jar=49954:C:\Program Files\JetBrains\IntelliJ IDEA Community Edition 2024.3.1.1\bin -Dfile.encoding=UTF-8 -Dsun.stdout.encoding=UTF-8 -Dsun.stderr.encoding=UTF-8 
java_command: com.wp.todo.Application
java_class_path (initial): C:\Users\skarvekar12\Downloads\spring-boot\boot-repo\31_TodoAppWithJDBC-RowMapperv1\target\classes;C:\Users\skarvekar12\.m2\repository\org\springframework\boot\spring-boot-starter-web\3.4.1\spring-boot-starter-web-3.4.1.jar;C:\Users\skarvekar12\.m2\repository\org\springframework\boot\spring-boot-starter\3.4.1\spring-boot-starter-3.4.1.jar;C:\Users\skarvekar12\.m2\repository\org\springframework\boot\spring-boot\3.4.1\spring-boot-3.4.1.jar;C:\Users\skarvekar12\.m2\repository\org\springframework\boot\spring-boot-autoconfigure\3.4.1\spring-boot-autoconfigure-3.4.1.jar;C:\Users\skarvekar12\.m2\repository\org\springframework\boot\spring-boot-starter-logging\3.4.1\spring-boot-starter-logging-3.4.1.jar;C:\Users\skarvekar12\.m2\repository\ch\qos\logback\logback-classic\1.5.12\logback-classic-1.5.12.jar;C:\Users\skarvekar12\.m2\repository\ch\qos\logback\logback-core\1.5.12\logback-core-1.5.12.jar;C:\Users\skarvekar12\.m2\repository\org\apache\logging\log4j\log4j-to-slf4j\2.24.3\log4j-to-slf4j-2.24.3.jar;C:\Users\skarvekar12\.m2\repository\org\apache\logging\log4j\log4j-api\2.24.3\log4j-api-2.24.3.jar;C:\Users\skarvekar12\.m2\repository\org\slf4j\jul-to-slf4j\2.0.16\jul-to-slf4j-2.0.16.jar;C:\Users\skarvekar12\.m2\repository\jakarta\annotation\jakarta.annotation-api\2.1.1\jakarta.annotation-api-2.1.1.jar;C:\Users\skarvekar12\.m2\repository\org\yaml\snakeyaml\2.3\snakeyaml-2.3.jar;C:\Users\skarvekar12\.m2\repository\org\springframework\boot\spring-boot-starter-json\3.4.1\spring-boot-starter-json-3.4.1.jar;C:\Users\skarvekar12\.m2\repository\com\fasterxml\jackson\core\jackson-databind\2.18.2\jackson-databind-2.18.2.jar;C:\Users\skarvekar12\.m2\repository\com\fasterxml\jackson\core\jackson-annotations\2.18.2\jackson-annotations-2.18.2.jar;C:\Users\skarvekar12\.m2\repository\com\fasterxml\jackson\core\jackson-core\2.18.2\jackson-core-2.18.2.jar;C:\Users\skarvekar12\.m2\repository\com\fasterxml\jackson\datatype\jackson-datatype-jdk8\2.18.2\jackson-datatype-jdk8-2.18.2.jar;C:\Users\skarvekar12\.m2\repository\com\fasterxml\jackson\datatype\jackson-datatype-jsr310\2.18.2\jackson-datatype-jsr310-2.18.2.jar;C:\Users\skarvekar12\.m2\repository\com\fasterxml\jackson\module\jackson-module-parameter-names\2.18.2\jackson-module-parameter-names-2.18.2.jar;C:\Users\skarvekar12\.m2\repository\org\springframework\boot\spring-boot-starter-tomcat\3.4.1\spring-boot-starter-tomcat-3.4.1.jar;C:\Users\skarvekar12\.m2\repository\org\apache\tomcat\embed\tomcat-embed-core\10.1.34\tomcat-embed-core-10.1.34.jar;C:\Users\skarvekar12\.m2\repository\org\apache\tomcat\embed\tomcat-embed-el\10.1.34\tomcat-embed-el-10.1.34.jar;C:\Users\skarvekar12\.m2\repository\org\apache\tomcat\embed\tomcat-embed-websocket\10.1.34\tomcat-embed-websocket-10.1.34.jar;C:\Users\skarvekar12\.m2\repository\org\springframework\spring-web\6.2.1\spring-web-6.2.1.jar;C:\Users\skarvekar12\.m2\repository\org\springframework\spring-beans\6.2.1\spring-beans-6.2.1.jar;C:\Users\skarvekar12\.m2\repository\io\micrometer\micrometer-observation\1.14.2\micrometer-observation-1.14.2.jar;C:\Users\skarvekar12\.m2\repository\io\micrometer\micrometer-commons\1.14.2\micrometer-commons-1.14.2.jar;C:\Users\skarvekar12\.m2\repository\org\springframework\spring-webmvc\6.2.1\spring-webmvc-6.2.1.jar;C:\Users\skarvekar12\.m2\repository\org\springframework\spring-aop\6.2.1\spring-aop-6.2.1.jar;C:\Users\skarvekar12\.m2\repository\org\springframework\spring-context\6.2.1\spring-context-6.2.1.jar;C:\Users\skarvekar12\.m2\repository\org\springframework\spring-expression\6.2.1\spring-expression-6.2.1.jar;C:\Users\skarvekar12\.m2\repository\org\springframework\boot\spring-boot-starter-jdbc\3.4.1\spring-boot-starter-jdbc-3.4.1.jar;C:\Users\skarvekar12\.m2\repository\com\zaxxer\HikariCP\5.1.0\HikariCP-5.1.0.jar;C:\Users\skarvekar12\.m2\repository\org\slf4j\slf4j-api\2.0.16\slf4j-api-2.0.16.jar;C:\Users\skarvekar12\.m2\repository\org\springframework\spring-jdbc\6.2.1\spring-jdbc-6.2.1.jar;C:\Users\skarvekar12\.m2\repository\org\springframework\spring-tx\6.2.1\spring-tx-6.2.1.jar;C:\Users\skarvekar12\.m2\repository\com\mysql\mysql-connector-j\8.0.33\mysql-connector-j-8.0.33.jar;C:\Users\skarvekar12\.m2\repository\org\projectlombok\lombok\1.18.36\lombok-1.18.36.jar;C:\Users\skarvekar12\.m2\repository\org\springframework\spring-core\6.2.1\spring-core-6.2.1.jar;C:\Users\skarvekar12\.m2\repository\org\springframework\spring-jcl\6.2.1\spring-jcl-6.2.1.jar
Launcher Type: SUN_STANDARD

[Global flags]
     intx CICompilerCount                          = 3                                         {product} {ergonomic}
     uint ConcGCThreads                            = 1                                         {product} {ergonomic}
     uint G1ConcRefinementThreads                  = 4                                         {product} {ergonomic}
   size_t G1HeapRegionSize                         = 1048576                                   {product} {ergonomic}
    uintx GCDrainStackTargetSize                   = 64                                        {product} {ergonomic}
   size_t InitialHeapSize                          = 67108864                                  {product} {ergonomic}
   size_t MarkStackSize                            = 4194304                                   {product} {ergonomic}
   size_t MaxHeapSize                              = 1073741824                                {product} {ergonomic}
   size_t MaxNewSize                               = 643825664                                 {product} {ergonomic}
   size_t MinHeapDeltaBytes                        = 1048576                                   {product} {ergonomic}
   size_t MinHeapSize                              = 8388608                                   {product} {ergonomic}
    uintx NonNMethodCodeHeapSize                   = 5832780                                {pd product} {ergonomic}
    uintx NonProfiledCodeHeapSize                  = 122912730                              {pd product} {ergonomic}
    uintx ProfiledCodeHeapSize                     = 122912730                              {pd product} {ergonomic}
    uintx ReservedCodeCacheSize                    = 251658240                              {pd product} {ergonomic}
     bool SegmentedCodeCache                       = true                                      {product} {ergonomic}
   size_t SoftMaxHeapSize                          = 1073741824                             {manageable} {ergonomic}
     bool UseCompressedClassPointers               = true                           {product lp64_product} {ergonomic}
     bool UseCompressedOops                        = true                           {product lp64_product} {ergonomic}
     bool UseG1GC                                  = true                                      {product} {ergonomic}
     bool UseLargePagesIndividualAllocation        = false                                  {pd product} {ergonomic}

Logging:
Log output configuration:
 #0: stdout all=warning uptime,level,tags foldmultilines=false
 #1: stderr all=off uptime,level,tags foldmultilines=false

Environment Variables:
PATH=C:\Program Files\Common Files\Oracle\Java\javapath;C:\Windows\system32;C:\Windows;C:\Windows\System32\Wbem;C:\Windows\System32\WindowsPowerShell\v1.0\;C:\Windows\System32\OpenSSH\;C:\ProgramData\GooGet;C:\Program Files\Google\Compute Engine\metadata_scripts;C:\Program Files (x86)\Google\Cloud SDK\google-cloud-sdk\bin;C:\Program Files\PowerShell\7\;C:\Program Files\Google\Compute Engine\sysprep;C:\Program Files\Git\cmd;C:\Program Files\MySQL\MySQL Shell 8.0\bin\;C:\Users\skarvekar12\AppData\Local\Microsoft\WindowsApps;;C:\Program Files\JetBrains\IntelliJ IDEA Community Edition 2024.3.1.1\bin;
USERNAME=skarvekar12
OS=Windows_NT
PROCESSOR_IDENTIFIER=Intel64 Family 6 Model 79 Stepping 0, GenuineIntel
TMP=C:\Users\SKARVE~1\AppData\Local\Temp\2
TEMP=C:\Users\SKARVE~1\AppData\Local\Temp\2



---------------  S Y S T E M  ---------------

OS:
 Windows Server 2022 , 64 bit Build 26100 (10.0.26100.2454)
OS uptime: 0 days 1:13 hours
KVM virtualization detected

CPU: total 4 (initial active 4) (2 cores per cpu, 2 threads per core) family 6 model 79 stepping 0 microcode 0xffffffff, cx8, cmov, fxsr, ht, mmx, 3dnowpref, sse, sse2, sse3, ssse3, sse4.1, sse4.2, popcnt, lzcnt, tsc, tscinvbit, avx, avx2, aes, erms, clmul, bmi1, bmi2, rtm, adx, fma, vzeroupper, clflush, hv, rdtscp

Memory: 4k page, system-wide physical 4092M (316M free)
TotalPageFile size 5116M (AvailPageFile size 6M)
current process WorkingSet (physical memory assigned to process): 145M, peak: 150M
current process commit charge ("private bytes"): 197M, peak: 201M

vm_info: Java HotSpot(TM) 64-Bit Server VM (19.0.2+7-44) for windows-amd64 JRE (19.0.2+7-44), built on 2022-11-30T18:02:09Z by "mach5one" with MS VC++ 17.1 (VS2022)

END.
