#
# There is insufficient memory for the Java Runtime Environment to continue.
# Native memory allocation (malloc) failed to allocate 1783072 bytes for Chunk::new
# Possible reasons:
#   The system is out of physical RAM or swap space
#   The process is running with CompressedOops enabled, and the Java Heap may be blocking the growth of the native heap
# Possible solutions:
#   Reduce memory load on the system
#   Increase physical memory or swap space
#   Check if swap backing store is full
#   Decrease Java heap size (-Xmx/-Xms)
#   Decrease number of Java threads
#   Decrease Java thread stack sizes (-Xss)
#   Set larger code cache with -XX:ReservedCodeCacheSize=
#   JVM is running with Unscaled Compressed Oops mode in which the Java heap is
#     placed in the first 4GB address space. The Java Heap base address is the
#     maximum limit for the native heap growth. Please use -XX:HeapBaseMinAddress
#     to set the Java Heap base and to place the Java Heap above 4GB virtual address.
# This output file may be truncated or incomplete.
#
#  Out of Memory Error (arena.cpp:184), pid=1448, tid=3416
#
# JRE version: Java(TM) SE Runtime Environment (19.0.2+7) (build 19.0.2+7-44)
# Java VM: Java HotSpot(TM) 64-Bit Server VM (19.0.2+7-44, mixed mode, sharing, tiered, compressed oops, compressed class ptrs, g1 gc, windows-amd64)
# Core dump will be written. Default location: C:\Users\skarvekar12\Downloads\spring-boot\boot-repo\31_TodoAppWithJDBC-RowMapperv1\hs_err_pid1448.mdmp
#

---------------  S U M M A R Y ------------

Command Line: -javaagent:C:\Program Files\JetBrains\IntelliJ IDEA Community Edition 2024.3.1.1\lib\idea_rt.jar=50016:C:\Program Files\JetBrains\IntelliJ IDEA Community Edition 2024.3.1.1\bin -Dfile.encoding=UTF-8 -Dsun.stdout.encoding=UTF-8 -Dsun.stderr.encoding=UTF-8 com.wp.todo.Application

Host: Intel(R) Xeon(R) CPU @ 2.20GHz, 4 cores, 3G,  Windows Server 2022 , 64 bit Build 26100 (10.0.26100.2454)
Time: Mon Jan 27 21:16:55 2025 Greenwich Standard Time elapsed time: 5.208430 seconds (0d 0h 0m 5s)

---------------  T H R E A D  ---------------

Current thread (0x000001e1543fd5c0):  JavaThread "C2 CompilerThread1" daemon [_thread_in_native, id=3416, stack(0x0000005b7eb00000,0x0000005b7ec00000)]


Current CompileTask:
C2:   5208 2833   !   4       jdk.internal.loader.BuiltinClassLoader::loadClassOrNull (143 bytes)

Stack: [0x0000005b7eb00000,0x0000005b7ec00000]
Native frames: (J=compiled Java code, j=interpreted, Vv=VM code, C=native code)
V  [jvm.dll+0x6ee21a]
V  [jvm.dll+0x85765e]
V  [jvm.dll+0x85904e]
V  [jvm.dll+0x859703]
V  [jvm.dll+0x28298f]
V  [jvm.dll+0xc9adf]
V  [jvm.dll+0xc9e65]
V  [jvm.dll+0x3bca4c]
V  [jvm.dll+0x3860e1]
V  [jvm.dll+0x38555a]
V  [jvm.dll+0x24c3d9]
V  [jvm.dll+0x24b781]
V  [jvm.dll+0x1d6ce1]
V  [jvm.dll+0x25b25a]
V  [jvm.dll+0x2596e8]
V  [jvm.dll+0x807588]
V  [jvm.dll+0x80125a]
V  [jvm.dll+0x6ecf0b]
C  [ucrtbase.dll+0x14ea0]
C  [KERNEL32.DLL+0x2e8d7]
C  [ntdll.dll+0xdfbcc]


---------------  P R O C E S S  ---------------

Threads class SMR info:
_java_thread_list=0x000001e1552950c0, length=14, elements={
0x000001e134444770, 0x000001e14fe16ac0, 0x000001e14fe175f0, 0x000001e14fe1de60,
0x000001e14fe1ef30, 0x000001e14fe21870, 0x000001e14fe227b0, 0x000001e14fe23410,
0x000001e14fe37380, 0x000001e14fe50830, 0x000001e14fdefdf0, 0x000001e1542811a0,
0x000001e1542816e0, 0x000001e1543fd5c0
}

Java Threads: ( => current thread )
  0x000001e134444770 JavaThread "main" [_thread_in_Java, id=2468, stack(0x0000005b7d700000,0x0000005b7d800000)]
  0x000001e14fe16ac0 JavaThread "Reference Handler" daemon [_thread_blocked, id=3516, stack(0x0000005b7de00000,0x0000005b7df00000)]
  0x000001e14fe175f0 JavaThread "Finalizer" daemon [_thread_blocked, id=4440, stack(0x0000005b7df00000,0x0000005b7e000000)]
  0x000001e14fe1de60 JavaThread "Signal Dispatcher" daemon [_thread_blocked, id=1852, stack(0x0000005b7e000000,0x0000005b7e100000)]
  0x000001e14fe1ef30 JavaThread "Attach Listener" daemon [_thread_blocked, id=2792, stack(0x0000005b7e100000,0x0000005b7e200000)]
  0x000001e14fe21870 JavaThread "Service Thread" daemon [_thread_blocked, id=6348, stack(0x0000005b7e200000,0x0000005b7e300000)]
  0x000001e14fe227b0 JavaThread "Monitor Deflation Thread" daemon [_thread_blocked, id=6652, stack(0x0000005b7e300000,0x0000005b7e400000)]
  0x000001e14fe23410 JavaThread "C2 CompilerThread0" daemon [_thread_in_native, id=1820, stack(0x0000005b7e400000,0x0000005b7e500000)]
  0x000001e14fe37380 JavaThread "C1 CompilerThread0" daemon [_thread_blocked, id=6256, stack(0x0000005b7e500000,0x0000005b7e600000)]
  0x000001e14fe50830 JavaThread "Sweeper thread" daemon [_thread_blocked, id=4384, stack(0x0000005b7e600000,0x0000005b7e700000)]
  0x000001e14fdefdf0 JavaThread "Common-Cleaner" daemon [_thread_blocked, id=5016, stack(0x0000005b7e700000,0x0000005b7e800000)]
  0x000001e1542811a0 JavaThread "Monitor Ctrl-Break" daemon [_thread_in_native, id=1124, stack(0x0000005b7e800000,0x0000005b7e900000)]
  0x000001e1542816e0 JavaThread "Notification Thread" daemon [_thread_blocked, id=7744, stack(0x0000005b7e900000,0x0000005b7ea00000)]
=>0x000001e1543fd5c0 JavaThread "C2 CompilerThread1" daemon [_thread_in_native, id=3416, stack(0x0000005b7eb00000,0x0000005b7ec00000)]

Other Threads:
  0x000001e14fe00df0 VMThread "VM Thread" [stack: 0x0000005b7dd00000,0x0000005b7de00000] [id=6616]
  0x000001e1543479a0 WatcherThread "VM Periodic Task Thread" [stack: 0x0000005b7ea00000,0x0000005b7eb00000] [id=5912]
  0x000001e1344875f0 WorkerThread "GC Thread#0" [stack: 0x0000005b7d800000,0x0000005b7d900000] [id=6428]
  0x000001e1547d6230 WorkerThread "GC Thread#1" [stack: 0x0000005b7ec00000,0x0000005b7ed00000] [id=5952]
  0x000001e15449c4b0 WorkerThread "GC Thread#2" [stack: 0x0000005b7ed00000,0x0000005b7ee00000] [id=3184]
  0x000001e15453c1a0 WorkerThread "GC Thread#3" [stack: 0x0000005b7ee00000,0x0000005b7ef00000] [id=4000]
  0x000001e134490460 ConcurrentGCThread "G1 Main Marker" [stack: 0x0000005b7d900000,0x0000005b7da00000] [id=3380]
  0x000001e134492c20 WorkerThread "G1 Conc#0" [stack: 0x0000005b7da00000,0x0000005b7db00000] [id=6832]
  0x000001e1344e5390 ConcurrentGCThread "G1 Refine#0" [stack: 0x0000005b7db00000,0x0000005b7dc00000] [id=6812]
  0x000001e1344e6c50 ConcurrentGCThread "G1 Service" [stack: 0x0000005b7dc00000,0x0000005b7dd00000] [id=7912]

Threads with active compile tasks:
C2 CompilerThread0     5319 3008       4       org.springframework.beans.factory.support.AbstractBeanFactory::isTypeMatch (745 bytes)
C2 CompilerThread1     5319 2833   !   4       jdk.internal.loader.BuiltinClassLoader::loadClassOrNull (143 bytes)

VM state: not at safepoint (normal execution)

VM Mutex/Monitor currently owned by a thread: None

Heap address: 0x00000000c0000000, size: 1024 MB, Compressed Oops mode: 32-bit

CDS archive(s) mapped at: [0x0000000800000000-0x0000000800c40000-0x0000000800c40000), size 12845056, SharedBaseAddress: 0x0000000800000000, ArchiveRelocationMode: 0.
Compressed class space mapped at: 0x0000000801000000-0x0000000841000000, reserved size: 1073741824
Narrow klass base: 0x0000000800000000, Narrow klass shift: 0, Narrow klass range: 0x100000000

GC Precious Log:
 CardTable entry size: 512
 Card Set container configuration: InlinePtr #cards 5 size 8 Array Of Cards #cards 12 size 40 Howl #buckets 4 coarsen threshold 1843 Howl Bitmap #cards 512 size 80 coarsen threshold 460 Card regions per heap region 1 cards per card region 2048
 CPUs: 4 total, 4 available
 Memory: 4092M
 Large Page Support: Disabled
 NUMA Support: Disabled
 Compressed Oops: Enabled (32-bit)
 Heap Region Size: 1M
 Heap Min Capacity: 8M
 Heap Initial Capacity: 64M
 Heap Max Capacity: 1G
 Pre-touch: Disabled
 Parallel Workers: 4
 Concurrent Workers: 1
 Concurrent Refinement Workers: 4
 Periodic GC: Disabled

Heap:
 garbage-first heap   total 65536K, used 31261K [0x00000000c0000000, 0x0000000100000000)
  region size 1024K, 28 young (28672K), 5 survivors (5120K)
 Metaspace       used 20006K, committed 20288K, reserved 1114112K
  class space    used 2377K, committed 2496K, reserved 1048576K

Heap Regions: E=young(eden), S=young(survivor), O=old, HS=humongous(starts), HC=humongous(continues), CS=collection set, F=free, OA=open archive, CA=closed archive, TAMS=top-at-mark-start (previous, next)
|   0|0x00000000c0000000, 0x00000000c0100000, 0x00000000c0100000|100%| O|  |TAMS 0x00000000c0000000, 0x00000000c0000000| Untracked 
|   1|0x00000000c0100000, 0x00000000c0200000, 0x00000000c0200000|100%| O|  |TAMS 0x00000000c0100000, 0x00000000c0100000| Untracked 
|   2|0x00000000c0200000, 0x00000000c0300000, 0x00000000c0300000|100%| O|  |TAMS 0x00000000c0200000, 0x00000000c0200000| Untracked 
|   3|0x00000000c0300000, 0x00000000c03e0000, 0x00000000c0400000| 87%| O|  |TAMS 0x00000000c0300000, 0x00000000c0300000| Untracked 
|   4|0x00000000c0400000, 0x00000000c0400000, 0x00000000c0500000|  0%| F|  |TAMS 0x00000000c0400000, 0x00000000c0400000| Untracked 
|   5|0x00000000c0500000, 0x00000000c0500000, 0x00000000c0600000|  0%| F|  |TAMS 0x00000000c0500000, 0x00000000c0500000| Untracked 
|   6|0x00000000c0600000, 0x00000000c0600000, 0x00000000c0700000|  0%| F|  |TAMS 0x00000000c0600000, 0x00000000c0600000| Untracked 
|   7|0x00000000c0700000, 0x00000000c0700000, 0x00000000c0800000|  0%| F|  |TAMS 0x00000000c0700000, 0x00000000c0700000| Untracked 
|   8|0x00000000c0800000, 0x00000000c0800000, 0x00000000c0900000|  0%| F|  |TAMS 0x00000000c0800000, 0x00000000c0800000| Untracked 
|   9|0x00000000c0900000, 0x00000000c0900000, 0x00000000c0a00000|  0%| F|  |TAMS 0x00000000c0900000, 0x00000000c0900000| Untracked 
|  10|0x00000000c0a00000, 0x00000000c0a00000, 0x00000000c0b00000|  0%| F|  |TAMS 0x00000000c0a00000, 0x00000000c0a00000| Untracked 
|  11|0x00000000c0b00000, 0x00000000c0b00000, 0x00000000c0c00000|  0%| F|  |TAMS 0x00000000c0b00000, 0x00000000c0b00000| Untracked 
|  12|0x00000000c0c00000, 0x00000000c0c00000, 0x00000000c0d00000|  0%| F|  |TAMS 0x00000000c0c00000, 0x00000000c0c00000| Untracked 
|  13|0x00000000c0d00000, 0x00000000c0d00000, 0x00000000c0e00000|  0%| F|  |TAMS 0x00000000c0d00000, 0x00000000c0d00000| Untracked 
|  14|0x00000000c0e00000, 0x00000000c0e00000, 0x00000000c0f00000|  0%| F|  |TAMS 0x00000000c0e00000, 0x00000000c0e00000| Untracked 
|  15|0x00000000c0f00000, 0x00000000c0f00000, 0x00000000c1000000|  0%| F|  |TAMS 0x00000000c0f00000, 0x00000000c0f00000| Untracked 
|  16|0x00000000c1000000, 0x00000000c1000000, 0x00000000c1100000|  0%| F|  |TAMS 0x00000000c1000000, 0x00000000c1000000| Untracked 
|  17|0x00000000c1100000, 0x00000000c1100000, 0x00000000c1200000|  0%| F|  |TAMS 0x00000000c1100000, 0x00000000c1100000| Untracked 
|  18|0x00000000c1200000, 0x00000000c1200000, 0x00000000c1300000|  0%| F|  |TAMS 0x00000000c1200000, 0x00000000c1200000| Untracked 
|  19|0x00000000c1300000, 0x00000000c1300000, 0x00000000c1400000|  0%| F|  |TAMS 0x00000000c1300000, 0x00000000c1300000| Untracked 
|  20|0x00000000c1400000, 0x00000000c1400000, 0x00000000c1500000|  0%| F|  |TAMS 0x00000000c1400000, 0x00000000c1400000| Untracked 
|  21|0x00000000c1500000, 0x00000000c1500000, 0x00000000c1600000|  0%| F|  |TAMS 0x00000000c1500000, 0x00000000c1500000| Untracked 
|  22|0x00000000c1600000, 0x00000000c1600000, 0x00000000c1700000|  0%| F|  |TAMS 0x00000000c1600000, 0x00000000c1600000| Untracked 
|  23|0x00000000c1700000, 0x00000000c1700000, 0x00000000c1800000|  0%| F|  |TAMS 0x00000000c1700000, 0x00000000c1700000| Untracked 
|  24|0x00000000c1800000, 0x00000000c18a77e0, 0x00000000c1900000| 65%| S|CS|TAMS 0x00000000c1800000, 0x00000000c1800000| Complete 
|  25|0x00000000c1900000, 0x00000000c1a00000, 0x00000000c1a00000|100%| S|CS|TAMS 0x00000000c1900000, 0x00000000c1900000| Complete 
|  26|0x00000000c1a00000, 0x00000000c1b00000, 0x00000000c1b00000|100%| S|CS|TAMS 0x00000000c1a00000, 0x00000000c1a00000| Complete 
|  27|0x00000000c1b00000, 0x00000000c1c00000, 0x00000000c1c00000|100%| S|CS|TAMS 0x00000000c1b00000, 0x00000000c1b00000| Complete 
|  28|0x00000000c1c00000, 0x00000000c1d00000, 0x00000000c1d00000|100%| S|CS|TAMS 0x00000000c1c00000, 0x00000000c1c00000| Complete 
|  29|0x00000000c1d00000, 0x00000000c1d00000, 0x00000000c1e00000|  0%| F|  |TAMS 0x00000000c1d00000, 0x00000000c1d00000| Untracked 
|  30|0x00000000c1e00000, 0x00000000c1e00000, 0x00000000c1f00000|  0%| F|  |TAMS 0x00000000c1e00000, 0x00000000c1e00000| Untracked 
|  31|0x00000000c1f00000, 0x00000000c1f00000, 0x00000000c2000000|  0%| F|  |TAMS 0x00000000c1f00000, 0x00000000c1f00000| Untracked 
|  32|0x00000000c2000000, 0x00000000c2000000, 0x00000000c2100000|  0%| F|  |TAMS 0x00000000c2000000, 0x00000000c2000000| Untracked 
|  33|0x00000000c2100000, 0x00000000c2100000, 0x00000000c2200000|  0%| F|  |TAMS 0x00000000c2100000, 0x00000000c2100000| Untracked 
|  34|0x00000000c2200000, 0x00000000c2200000, 0x00000000c2300000|  0%| F|  |TAMS 0x00000000c2200000, 0x00000000c2200000| Untracked 
|  35|0x00000000c2300000, 0x00000000c2300000, 0x00000000c2400000|  0%| F|  |TAMS 0x00000000c2300000, 0x00000000c2300000| Untracked 
|  36|0x00000000c2400000, 0x00000000c2400000, 0x00000000c2500000|  0%| F|  |TAMS 0x00000000c2400000, 0x00000000c2400000| Untracked 
|  37|0x00000000c2500000, 0x00000000c2500000, 0x00000000c2600000|  0%| F|  |TAMS 0x00000000c2500000, 0x00000000c2500000| Untracked 
|  38|0x00000000c2600000, 0x00000000c2600000, 0x00000000c2700000|  0%| F|  |TAMS 0x00000000c2600000, 0x00000000c2600000| Untracked 
|  39|0x00000000c2700000, 0x00000000c2700000, 0x00000000c2800000|  0%| F|  |TAMS 0x00000000c2700000, 0x00000000c2700000| Untracked 
|  40|0x00000000c2800000, 0x00000000c2800000, 0x00000000c2900000|  0%| F|  |TAMS 0x00000000c2800000, 0x00000000c2800000| Untracked 
|  41|0x00000000c2900000, 0x00000000c2977328, 0x00000000c2a00000| 46%| E|  |TAMS 0x00000000c2900000, 0x00000000c2900000| Complete 
|  42|0x00000000c2a00000, 0x00000000c2b00000, 0x00000000c2b00000|100%| E|CS|TAMS 0x00000000c2a00000, 0x00000000c2a00000| Complete 
|  43|0x00000000c2b00000, 0x00000000c2c00000, 0x00000000c2c00000|100%| E|CS|TAMS 0x00000000c2b00000, 0x00000000c2b00000| Complete 
|  44|0x00000000c2c00000, 0x00000000c2d00000, 0x00000000c2d00000|100%| E|CS|TAMS 0x00000000c2c00000, 0x00000000c2c00000| Complete 
|  45|0x00000000c2d00000, 0x00000000c2e00000, 0x00000000c2e00000|100%| E|CS|TAMS 0x00000000c2d00000, 0x00000000c2d00000| Complete 
|  46|0x00000000c2e00000, 0x00000000c2f00000, 0x00000000c2f00000|100%| E|CS|TAMS 0x00000000c2e00000, 0x00000000c2e00000| Complete 
|  47|0x00000000c2f00000, 0x00000000c3000000, 0x00000000c3000000|100%| E|CS|TAMS 0x00000000c2f00000, 0x00000000c2f00000| Complete 
|  48|0x00000000c3000000, 0x00000000c3100000, 0x00000000c3100000|100%| E|CS|TAMS 0x00000000c3000000, 0x00000000c3000000| Complete 
|  49|0x00000000c3100000, 0x00000000c3200000, 0x00000000c3200000|100%| E|CS|TAMS 0x00000000c3100000, 0x00000000c3100000| Complete 
|  50|0x00000000c3200000, 0x00000000c3300000, 0x00000000c3300000|100%| E|CS|TAMS 0x00000000c3200000, 0x00000000c3200000| Complete 
|  51|0x00000000c3300000, 0x00000000c3400000, 0x00000000c3400000|100%| E|CS|TAMS 0x00000000c3300000, 0x00000000c3300000| Complete 
|  52|0x00000000c3400000, 0x00000000c3500000, 0x00000000c3500000|100%| E|CS|TAMS 0x00000000c3400000, 0x00000000c3400000| Complete 
|  53|0x00000000c3500000, 0x00000000c3600000, 0x00000000c3600000|100%| E|CS|TAMS 0x00000000c3500000, 0x00000000c3500000| Complete 
|  54|0x00000000c3600000, 0x00000000c3700000, 0x00000000c3700000|100%| E|CS|TAMS 0x00000000c3600000, 0x00000000c3600000| Complete 
|  55|0x00000000c3700000, 0x00000000c3800000, 0x00000000c3800000|100%| E|CS|TAMS 0x00000000c3700000, 0x00000000c3700000| Complete 
|  56|0x00000000c3800000, 0x00000000c3900000, 0x00000000c3900000|100%| E|CS|TAMS 0x00000000c3800000, 0x00000000c3800000| Complete 
|  57|0x00000000c3900000, 0x00000000c3a00000, 0x00000000c3a00000|100%| E|CS|TAMS 0x00000000c3900000, 0x00000000c3900000| Complete 
|  58|0x00000000c3a00000, 0x00000000c3b00000, 0x00000000c3b00000|100%| E|CS|TAMS 0x00000000c3a00000, 0x00000000c3a00000| Complete 
|  59|0x00000000c3b00000, 0x00000000c3c00000, 0x00000000c3c00000|100%| E|CS|TAMS 0x00000000c3b00000, 0x00000000c3b00000| Complete 
|  60|0x00000000c3c00000, 0x00000000c3d00000, 0x00000000c3d00000|100%| E|CS|TAMS 0x00000000c3c00000, 0x00000000c3c00000| Complete 
|  61|0x00000000c3d00000, 0x00000000c3e00000, 0x00000000c3e00000|100%| E|CS|TAMS 0x00000000c3d00000, 0x00000000c3d00000| Complete 
|  62|0x00000000c3e00000, 0x00000000c3f00000, 0x00000000c3f00000|100%| E|CS|TAMS 0x00000000c3e00000, 0x00000000c3e00000| Complete 
|  63|0x00000000c3f00000, 0x00000000c4000000, 0x00000000c4000000|100%| E|CS|TAMS 0x00000000c3f00000, 0x00000000c3f00000| Complete 

Card table byte_map: [0x000001e14b5a0000,0x000001e14b7a0000] _byte_map_base: 0x000001e14afa0000

Marking Bits (Prev, Next): (CMBitMap*) 0x000001e134487b30, (CMBitMap*) 0x000001e134487b70
 Prev Bits: [0x000001e14b9a0000, 0x000001e14c9a0000)
 Next Bits: [0x000001e14c9a0000, 0x000001e14d9a0000)

Polling page: 0x000001e133b10000

Metaspace:

Usage:
  Non-class:     17.22 MB used.
      Class:      2.32 MB used.
       Both:     19.54 MB used.

Virtual space:
  Non-class space:       64.00 MB reserved,      17.38 MB ( 27%) committed,  1 nodes.
      Class space:        1.00 GB reserved,       2.44 MB ( <1%) committed,  1 nodes.
             Both:        1.06 GB reserved,      19.81 MB (  2%) committed. 

Chunk freelists:
   Non-Class:  1.95 MB
       Class:  1.52 MB
        Both:  3.47 MB

MaxMetaspaceSize: unlimited
CompressedClassSpaceSize: 1.00 GB
Initial GC threshold: 21.00 MB
Current GC threshold: 21.00 MB
CDS: on
MetaspaceReclaimPolicy: balanced
 - commit_granule_bytes: 65536.
 - commit_granule_words: 8192.
 - virtual_space_node_default_size: 8388608.
 - enlarge_chunks_in_place: 1.
 - new_chunks_are_fully_committed: 0.
 - uncommit_free_chunks: 1.
 - use_allocation_guard: 0.


Internal statistics:

num_allocs_failed_limit: 0.
num_arena_births: 332.
num_arena_deaths: 0.
num_vsnodes_births: 2.
num_vsnodes_deaths: 0.
num_space_committed: 317.
num_space_uncommitted: 0.
num_chunks_returned_to_freelist: 0.
num_chunks_taken_from_freelist: 980.
num_chunk_merges: 0.
num_chunk_splits: 692.
num_chunks_enlarged: 550.
num_inconsistent_stats: 0.

CodeHeap 'non-profiled nmethods': size=120000Kb used=1217Kb max_used=1217Kb free=118782Kb
 bounds [0x000001e143e70000, 0x000001e1440e0000, 0x000001e14b3a0000]
CodeHeap 'profiled nmethods': size=120000Kb used=6173Kb max_used=6173Kb free=113827Kb
 bounds [0x000001e13c3a0000, 0x000001e13c9b0000, 0x000001e1438d0000]
CodeHeap 'non-nmethods': size=5760Kb used=1295Kb max_used=1347Kb free=4464Kb
 bounds [0x000001e1438d0000, 0x000001e143b40000, 0x000001e143e70000]
 total_blobs=3552 nmethods=3038 adapters=423
 compilation: enabled
              stopped_count=0, restarted_count=0
 full_count=0

Compilation events (20 events):
Event: 5.189 Thread 0x000001e14fe37380 nmethod 2973 0x000001e143f9c690 code [0x000001e143f9c820, 0x000001e143f9c8f8]
Event: 5.189 Thread 0x000001e14fe37380 2974       1       org.springframework.beans.factory.support.AbstractBeanDefinition::getResource (5 bytes)
Event: 5.189 Thread 0x000001e14fe37380 nmethod 2974 0x000001e143f9c990 code [0x000001e143f9cb20, 0x000001e143f9cbd8]
Event: 5.189 Thread 0x000001e14fe37380 2975       1       org.springframework.context.annotation.ConfigurationClassBeanDefinitionReader$ConfigurationClassBeanDefinition::getMetadata (5 bytes)
Event: 5.189 Thread 0x000001e14fe37380 nmethod 2975 0x000001e143f9cc90 code [0x000001e143f9ce20, 0x000001e143f9cef8]
Event: 5.190 Thread 0x000001e14fe37380 2976       3       org.springframework.boot.autoconfigure.condition.ConditionMessage$Style$2::applyToItem (6 bytes)
Event: 5.190 Thread 0x000001e14fe23410 2978       4       org.springframework.beans.factory.support.AbstractBeanFactory::isFactoryBean (62 bytes)
Event: 5.191 Thread 0x000001e14fe37380 nmethod 2976 0x000001e13c981e90 code [0x000001e13c9821e0, 0x000001e13c9837a8]
Event: 5.191 Thread 0x000001e14fe37380 2977       3       org.springframework.boot.autoconfigure.condition.ConditionMessage$Style$2::applyToItem (15 bytes)
Event: 5.193 Thread 0x000001e14fe37380 nmethod 2977 0x000001e13c983f10 code [0x000001e13c984260, 0x000001e13c985838]
Event: 5.193 Thread 0x000001e14fe37380 2980       3       java.lang.invoke.InnerClassLambdaMetafactory$ForwardingMethodGenerator::convertArgumentTypes (96 bytes)
Event: 5.194 Thread 0x000001e14fe37380 nmethod 2980 0x000001e13c985f90 code [0x000001e13c9861e0, 0x000001e13c986c58]
Event: 5.194 Thread 0x000001e14fe37380 2979       3       java.lang.invoke.InnerClassLambdaMetafactory$ForwardingMethodGenerator::generate (272 bytes)
Event: 5.195 Thread 0x000001e14fe23410 nmethod 2978 0x000001e143f9cf90 code [0x000001e143f9d140, 0x000001e143f9d3c8]
Event: 5.196 Thread 0x000001e14fe37380 nmethod 2979 0x000001e13c987190 code [0x000001e13c987520, 0x000001e13c9891a8]
Event: 5.196 Thread 0x000001e14fe37380 2981       3       java.lang.invoke.InnerClassLambdaMetafactory$ForwardingMethodGenerator::invocationOpcode (104 bytes)
Event: 5.196 Thread 0x000001e14fe37380 nmethod 2981 0x000001e13c989a10 code [0x000001e13c989c60, 0x000001e13c98a3e8]
Event: 5.196 Thread 0x000001e14fe37380 2982       3       java.lang.invoke.InnerClassLambdaMetafactory::getReturnOpcode (20 bytes)
Event: 5.196 Thread 0x000001e14fe37380 nmethod 2982 0x000001e13c98a690 code [0x000001e13c98a840, 0x000001e13c98a9c8]
Event: 5.196 Thread 0x000001e14fe37380 2983       3       java.lang.invoke.MethodHandles$Lookup::ensureDefineClassPermission (38 bytes)

GC Heap History (6 events):
Event: 1.776 GC heap before
{Heap before GC invocations=0 (full 0):
 garbage-first heap   total 65536K, used 13312K [0x00000000c0000000, 0x0000000100000000)
  region size 1024K, 13 young (13312K), 0 survivors (0K)
 Metaspace       used 4253K, committed 4480K, reserved 1114112K
  class space    used 452K, committed 576K, reserved 1048576K
}
Event: 1.786 GC heap after
{Heap after GC invocations=1 (full 0):
 garbage-first heap   total 65536K, used 3866K [0x00000000c0000000, 0x0000000100000000)
  region size 1024K, 2 young (2048K), 2 survivors (2048K)
 Metaspace       used 4253K, committed 4480K, reserved 1114112K
  class space    used 452K, committed 576K, reserved 1048576K
}
Event: 2.734 GC heap before
{Heap before GC invocations=1 (full 0):
 garbage-first heap   total 65536K, used 18202K [0x00000000c0000000, 0x0000000100000000)
  region size 1024K, 16 young (16384K), 2 survivors (2048K)
 Metaspace       used 8208K, committed 8448K, reserved 1114112K
  class space    used 993K, committed 1088K, reserved 1048576K
}
Event: 2.752 GC heap after
{Heap after GC invocations=2 (full 0):
 garbage-first heap   total 65536K, used 5405K [0x00000000c0000000, 0x0000000100000000)
  region size 1024K, 2 young (2048K), 2 survivors (2048K)
 Metaspace       used 8208K, committed 8448K, reserved 1114112K
  class space    used 993K, committed 1088K, reserved 1048576K
}
Event: 3.900 GC heap before
{Heap before GC invocations=2 (full 0):
 garbage-first heap   total 65536K, used 38173K [0x00000000c0000000, 0x0000000100000000)
  region size 1024K, 35 young (35840K), 2 survivors (2048K)
 Metaspace       used 17031K, committed 17408K, reserved 1114112K
  class space    used 2024K, committed 2176K, reserved 1048576K
}
Event: 3.912 GC heap after
{Heap after GC invocations=3 (full 0):
 garbage-first heap   total 65536K, used 8733K [0x00000000c0000000, 0x0000000100000000)
  region size 1024K, 5 young (5120K), 5 survivors (5120K)
 Metaspace       used 17031K, committed 17408K, reserved 1114112K
  class space    used 2024K, committed 2176K, reserved 1048576K
}

Dll operation events (11 events):
Event: 0.045 Loaded shared library C:\Program Files\Java\jdk-19\bin\java.dll
Event: 0.120 Loaded shared library C:\Program Files\Java\jdk-19\bin\jsvml.dll
Event: 0.598 Loaded shared library C:\Program Files\Java\jdk-19\bin\zip.dll
Event: 0.609 Loaded shared library C:\Program Files\Java\jdk-19\bin\instrument.dll
Event: 0.635 Loaded shared library C:\Program Files\Java\jdk-19\bin\net.dll
Event: 0.640 Loaded shared library C:\Program Files\Java\jdk-19\bin\nio.dll
Event: 0.651 Loaded shared library C:\Program Files\Java\jdk-19\bin\zip.dll
Event: 0.952 Loaded shared library C:\Program Files\JetBrains\IntelliJ IDEA Community Edition 2024.3.1.1\bin\breakgen64.dll
Event: 0.993 Loaded shared library C:\Program Files\Java\jdk-19\bin\extnet.dll
Event: 1.086 Loaded shared library C:\Program Files\Java\jdk-19\bin\jimage.dll
Event: 3.763 Loaded shared library C:\Program Files\Java\jdk-19\bin\sunmscapi.dll

Deoptimization events (20 events):
Event: 4.606 Thread 0x000001e134444770 DEOPT PACKING pc=0x000001e143f51dc4 sp=0x0000005b7d7fd4d0
Event: 4.606 Thread 0x000001e134444770 DEOPT UNPACKING pc=0x000001e143936da3 sp=0x0000005b7d7fd3a8 mode 2
Event: 4.650 Thread 0x000001e134444770 Uncommon trap: trap_request=0xffffffde fr.pc=0x000001e143e7b83c relative=0x000000000000019c
Event: 4.650 Thread 0x000001e134444770 Uncommon trap: reason=class_check action=maybe_recompile pc=0x000001e143e7b83c method=java.lang.String.equals(Ljava/lang/Object;)Z @ 8 c2
Event: 4.650 Thread 0x000001e134444770 DEOPT PACKING pc=0x000001e143e7b83c sp=0x0000005b7d7fe880
Event: 4.650 Thread 0x000001e134444770 DEOPT UNPACKING pc=0x000001e143936da3 sp=0x0000005b7d7fe818 mode 2
Event: 4.650 Thread 0x000001e134444770 Uncommon trap: trap_request=0xffffffde fr.pc=0x000001e143e7b83c relative=0x000000000000019c
Event: 4.651 Thread 0x000001e134444770 Uncommon trap: reason=class_check action=maybe_recompile pc=0x000001e143e7b83c method=java.lang.String.equals(Ljava/lang/Object;)Z @ 8 c2
Event: 4.651 Thread 0x000001e134444770 DEOPT PACKING pc=0x000001e143e7b83c sp=0x0000005b7d7fe880
Event: 4.651 Thread 0x000001e134444770 DEOPT UNPACKING pc=0x000001e143936da3 sp=0x0000005b7d7fe818 mode 2
Event: 4.651 Thread 0x000001e134444770 Uncommon trap: trap_request=0xffffffde fr.pc=0x000001e143e7b83c relative=0x000000000000019c
Event: 4.651 Thread 0x000001e134444770 Uncommon trap: reason=class_check action=maybe_recompile pc=0x000001e143e7b83c method=java.lang.String.equals(Ljava/lang/Object;)Z @ 8 c2
Event: 4.651 Thread 0x000001e134444770 DEOPT PACKING pc=0x000001e143e7b83c sp=0x0000005b7d7fe880
Event: 4.651 Thread 0x000001e134444770 DEOPT UNPACKING pc=0x000001e143936da3 sp=0x0000005b7d7fe818 mode 2
Event: 4.652 Thread 0x000001e134444770 Uncommon trap: trap_request=0xffffffde fr.pc=0x000001e143e7b83c relative=0x000000000000019c
Event: 4.652 Thread 0x000001e134444770 Uncommon trap: reason=class_check action=maybe_recompile pc=0x000001e143e7b83c method=java.lang.String.equals(Ljava/lang/Object;)Z @ 8 c2
Event: 4.652 Thread 0x000001e134444770 DEOPT PACKING pc=0x000001e143e7b83c sp=0x0000005b7d7fe540
Event: 4.652 Thread 0x000001e134444770 DEOPT UNPACKING pc=0x000001e143936da3 sp=0x0000005b7d7fe4d8 mode 2
Event: 4.923 Thread 0x000001e134444770 DEOPT PACKING pc=0x000001e13c754b67 sp=0x0000005b7d7fcdc0
Event: 4.923 Thread 0x000001e134444770 DEOPT UNPACKING pc=0x000001e143937543 sp=0x0000005b7d7fc298 mode 0

Classes loaded (20 events):
Event: 3.827 Loading class sun/security/provider/certpath/ldap/JdkLDAP$ProviderService
Event: 3.828 Loading class sun/security/provider/certpath/ldap/JdkLDAP$ProviderService done
Event: 3.828 Loading class com/sun/security/sasl/Provider
Event: 3.829 Loading class com/sun/security/sasl/Provider done
Event: 3.830 Loading class com/sun/security/sasl/Provider$1
Event: 3.831 Loading class com/sun/security/sasl/Provider$1 done
Event: 3.831 Loading class com/sun/security/sasl/Provider$ProviderService
Event: 3.832 Loading class com/sun/security/sasl/Provider$ProviderService done
Event: 3.875 Loading class java/lang/Thread$ThreadNumbering
Event: 3.875 Loading class java/lang/Thread$ThreadNumbering done
Event: 3.922 Loading class javax/naming/ldap/LdapContext
Event: 3.923 Loading class javax/naming/directory/DirContext
Event: 3.924 Loading class javax/naming/directory/DirContext done
Event: 3.924 Loading class javax/naming/ldap/LdapContext done
Event: 4.411 Loading class java/beans/PropertyVetoException
Event: 4.411 Loading class java/beans/PropertyVetoException done
Event: 5.170 Loading class java/lang/UnsupportedClassVersionError
Event: 5.170 Loading class java/lang/ClassFormatError
Event: 5.170 Loading class java/lang/ClassFormatError done
Event: 5.170 Loading class java/lang/UnsupportedClassVersionError done

Classes unloaded (0 events):
No events

Classes redefined (0 events):
No events

Internal exceptions (20 events):
Event: 2.529 Thread 0x000001e134444770 Exception <a 'java/lang/NoSuchMethodError'{0x00000000c34685e0}: 'void java.lang.invoke.DirectMethodHandle$Holder.invokeInterface(java.lang.Object, java.lang.Object, java.lang.Object)'> (0x00000000c34685e0) 
thrown [s\open\src\hotspot\share\interpreter\linkResolver.cpp, line 774]
Event: 2.572 Thread 0x000001e134444770 Exception <a 'java/lang/NoSuchMethodError'{0x00000000c34e62a8}: 'void java.lang.invoke.DirectMethodHandle$Holder.invokeStaticInit(java.lang.Object, java.lang.Object, java.lang.Object)'> (0x00000000c34e62a8) 
thrown [s\open\src\hotspot\share\interpreter\linkResolver.cpp, line 774]
Event: 2.578 Thread 0x000001e134444770 Exception <a 'java/lang/NoSuchMethodError'{0x00000000c3302cc0}: 'java.lang.Object java.lang.invoke.DirectMethodHandle$Holder.invokeVirtual(java.lang.Object, java.lang.Object, java.lang.Object)'> (0x00000000c3302cc0) 
thrown [s\open\src\hotspot\share\interpreter\linkResolver.cpp, line 774]
Event: 2.633 Thread 0x000001e134444770 Exception <a 'java/lang/NoSuchMethodError'{0x00000000c3386a20}: 'void java.lang.invoke.DirectMethodHandle$Holder.invokeVirtual(java.lang.Object, java.lang.Object, java.lang.Object, java.lang.Object)'> (0x00000000c3386a20) 
thrown [s\open\src\hotspot\share\interpreter\linkResolver.cpp, line 774]
Event: 2.764 Thread 0x000001e134444770 Exception <a 'java/lang/NoSuchMethodError'{0x00000000c3f1e298}: 'void java.lang.invoke.DirectMethodHandle$Holder.invokeSpecial(java.lang.Object, java.lang.Object, java.lang.Object)'> (0x00000000c3f1e298) 
thrown [s\open\src\hotspot\share\interpreter\linkResolver.cpp, line 774]
Event: 2.779 Thread 0x000001e15453b190 Exception <a 'java/lang/NoClassDefFoundError'{0x00000000c3fa0700}: jakarta/validation/Validation> (0x00000000c3fa0700) 
thrown [s\open\src\hotspot\share\classfile\systemDictionary.cpp, line 244]
Event: 2.782 Thread 0x000001e134444770 Exception <a 'java/lang/NoSuchMethodError'{0x00000000c3fcf7b0}: 'java.lang.reflect.Field[] java.lang.Class.getDeclaredFields(java.lang.Class)'> (0x00000000c3fcf7b0) 
thrown [s\open\src\hotspot\share\interpreter\linkResolver.cpp, line 774]
Event: 2.787 Thread 0x000001e134444770 Exception <a 'java/lang/NoSuchMethodError'{0x00000000c3fd4208}: 'java.lang.Object java.lang.invoke.DirectMethodHandle$Holder.invokeStatic(java.lang.Object, java.lang.Object, int)'> (0x00000000c3fd4208) 
thrown [s\open\src\hotspot\share\interpreter\linkResolver.cpp, line 774]
Event: 2.789 Thread 0x000001e134444770 Exception <a 'java/lang/NoSuchMethodError'{0x00000000c3fdfa08}: 'void java.lang.invoke.DelegatingMethodHandle$Holder.delegate(java.lang.Object, java.lang.Object, int, java.lang.Object)'> (0x00000000c3fdfa08) 
thrown [s\open\src\hotspot\share\interpreter\linkResolver.cpp, line 774]
Event: 2.816 Thread 0x000001e134444770 Exception <a 'java/lang/IncompatibleClassChangeError'{0x00000000c3d2cf10}: Found class java.lang.Object, but interface was expected> (0x00000000c3d2cf10) 
thrown [s\open\src\hotspot\share\interpreter\linkResolver.cpp, line 841]
Event: 3.578 Thread 0x000001e15453b190 Exception <a 'java/lang/NoSuchMethodError'{0x00000000c24a8428}: 'long java.lang.invoke.DirectMethodHandle$Holder.invokeSpecial(java.lang.Object, java.lang.Object)'> (0x00000000c24a8428) 
thrown [s\open\src\hotspot\share\interpreter\linkResolver.cpp, line 774]
Event: 3.581 Thread 0x000001e15453b190 Exception <a 'java/lang/NoSuchMethodError'{0x00000000c24b32f8}: 'long java.lang.invoke.DirectMethodHandle$Holder.invokeStatic(java.lang.Object, java.lang.Object)'> (0x00000000c24b32f8) 
thrown [s\open\src\hotspot\share\interpreter\linkResolver.cpp, line 774]
Event: 3.582 Thread 0x000001e15453b190 Exception <a 'java/lang/NoSuchMethodError'{0x00000000c24b6650}: 'long java.lang.invoke.DirectMethodHandle$Holder.invokeStaticInit(java.lang.Object, java.lang.Object)'> (0x00000000c24b6650) 
thrown [s\open\src\hotspot\share\interpreter\linkResolver.cpp, line 774]
Event: 3.584 Thread 0x000001e15453b190 Exception <a 'java/lang/NoSuchMethodError'{0x00000000c24c43b0}: 'long java.lang.invoke.DirectMethodHandle$Holder.invokeInterface(java.lang.Object, java.lang.Object)'> (0x00000000c24c43b0) 
thrown [s\open\src\hotspot\share\interpreter\linkResolver.cpp, line 774]
Event: 3.585 Thread 0x000001e15453b190 Exception <a 'java/lang/IncompatibleClassChangeError'{0x00000000c24c78d8}: Found class java.lang.Object, but interface was expected> (0x00000000c24c78d8) 
thrown [s\open\src\hotspot\share\interpreter\linkResolver.cpp, line 841]
Event: 3.590 Thread 0x000001e15453b190 Exception <a 'java/lang/NoSuchMethodError'{0x00000000c24dd9b0}: 'java.lang.Object java.lang.invoke.DirectMethodHandle$Holder.invokeVirtual(java.lang.Object, java.lang.Object, java.lang.Object, java.lang.Object)'> (0x00000000c24dd9b0) 
thrown [s\open\src\hotspot\share\interpreter\linkResolver.cpp, line 774]
Event: 3.598 Thread 0x000001e134444770 Exception <a 'sun/nio/fs/WindowsException'{0x00000000c230d320}> (0x00000000c230d320) 
thrown [s\open\src\hotspot\share\prims\jni.cpp, line 517]
Event: 3.602 Thread 0x000001e134444770 Exception <a 'java/lang/NoSuchMethodError'{0x00000000c230ecb0}: 'int java.lang.invoke.DirectMethodHandle$Holder.invokeSpecial(java.lang.Object, java.lang.Object, java.lang.Object, java.lang.Object, java.lang.Object)'> (0x00000000c230ecb0) 
thrown [s\open\src\hotspot\share\interpreter\linkResolver.cpp, line 774]
Event: 3.611 Thread 0x000001e134444770 Exception <a 'java/lang/NoSuchMethodError'{0x00000000c2317be0}: 'void java.lang.invoke.DirectMethodHandle$Holder.invokeVirtual(java.lang.Object, java.lang.Object)'> (0x00000000c2317be0) 
thrown [s\open\src\hotspot\share\interpreter\linkResolver.cpp, line 774]
Event: 4.031 Thread 0x000001e134444770 Exception <a 'java/lang/IncompatibleClassChangeError'{0x00000000c3de1de0}: Found class java.lang.Object, but interface was expected> (0x00000000c3de1de0) 
thrown [s\open\src\hotspot\share\interpreter\linkResolver.cpp, line 841]

VM Operations (20 events):
Event: 2.787 Executing VM operation: HandshakeAllThreads
Event: 2.787 Executing VM operation: HandshakeAllThreads done
Event: 3.202 Executing VM operation: HandshakeAllThreads
Event: 3.202 Executing VM operation: HandshakeAllThreads done
Event: 3.548 Executing VM operation: HandshakeAllThreads
Event: 3.548 Executing VM operation: HandshakeAllThreads done
Event: 3.681 Executing VM operation: ICBufferFull
Event: 3.682 Executing VM operation: ICBufferFull done
Event: 3.714 Executing VM operation: HandshakeAllThreads
Event: 3.714 Executing VM operation: HandshakeAllThreads done
Event: 3.778 Executing VM operation: HandshakeAllThreads
Event: 3.778 Executing VM operation: HandshakeAllThreads done
Event: 3.900 Executing VM operation: G1CollectForAllocation
Event: 3.912 Executing VM operation: G1CollectForAllocation done
Event: 4.046 Executing VM operation: HandshakeAllThreads
Event: 4.046 Executing VM operation: HandshakeAllThreads done
Event: 4.754 Executing VM operation: ICBufferFull
Event: 4.754 Executing VM operation: ICBufferFull done
Event: 5.193 Executing VM operation: ICBufferFull
Event: 5.193 Executing VM operation: ICBufferFull done

Events (18 events):
Event: 0.120 Thread 0x000001e134444770 Thread added: 0x000001e134444770
Event: 0.174 Thread 0x000001e14fe16ac0 Thread added: 0x000001e14fe16ac0
Event: 0.174 Thread 0x000001e14fe175f0 Thread added: 0x000001e14fe175f0
Event: 0.175 Thread 0x000001e14fe1de60 Thread added: 0x000001e14fe1de60
Event: 0.175 Thread 0x000001e14fe1ef30 Thread added: 0x000001e14fe1ef30
Event: 0.175 Thread 0x000001e14fe21870 Thread added: 0x000001e14fe21870
Event: 0.175 Thread 0x000001e14fe227b0 Thread added: 0x000001e14fe227b0
Event: 0.175 Thread 0x000001e14fe23410 Thread added: 0x000001e14fe23410
Event: 0.176 Thread 0x000001e14fe37380 Thread added: 0x000001e14fe37380
Event: 0.176 Thread 0x000001e14fe50830 Thread added: 0x000001e14fe50830
Event: 0.511 Thread 0x000001e14fdefdf0 Thread added: 0x000001e14fdefdf0
Event: 0.955 Thread 0x000001e1542811a0 Thread added: 0x000001e1542811a0
Event: 0.955 Thread 0x000001e1542816e0 Thread added: 0x000001e1542816e0
Event: 1.213 Thread 0x000001e1543fd5c0 Thread added: 0x000001e1543fd5c0
Event: 2.772 Thread 0x000001e15453b190 Thread added: 0x000001e15453b190
Event: 3.838 Thread 0x000001e15453b190 Thread exited: 0x000001e15453b190
Event: 3.875 Thread 0x000001e15453b190 Thread added: 0x000001e15453b190
Event: 3.954 Thread 0x000001e15453b190 Thread exited: 0x000001e15453b190


Dynamic libraries:
0x00007ff74e430000 - 0x00007ff74e440000 	C:\Program Files\Java\jdk-19\bin\java.exe
0x00007ffc0d480000 - 0x00007ffc0d6e3000 	C:\Windows\SYSTEM32\ntdll.dll
0x00007ffc0b540000 - 0x00007ffc0b608000 	C:\Windows\System32\KERNEL32.DLL
0x00007ffc0a9d0000 - 0x00007ffc0ad82000 	C:\Windows\System32\KERNELBASE.dll
0x00007ffc0b190000 - 0x00007ffc0b2db000 	C:\Windows\System32\ucrtbase.dll
0x00007ffc071e0000 - 0x00007ffc071fb000 	C:\Program Files\Java\jdk-19\bin\VCRUNTIME140.dll
0x00007ffc07200000 - 0x00007ffc07218000 	C:\Program Files\Java\jdk-19\bin\jli.dll
0x00007ffc0b610000 - 0x00007ffc0b6c4000 	C:\Windows\System32\ADVAPI32.dll
0x00007ffc0c8e0000 - 0x00007ffc0c989000 	C:\Windows\System32\msvcrt.dll
0x00007ffc0b490000 - 0x00007ffc0b536000 	C:\Windows\System32\sechost.dll
0x00007ffc0b370000 - 0x00007ffc0b486000 	C:\Windows\System32\RPCRT4.dll
0x00007ffc0bca0000 - 0x00007ffc0be68000 	C:\Windows\System32\USER32.dll
0x00007ffc0a9a0000 - 0x00007ffc0a9c7000 	C:\Windows\System32\win32u.dll
0x00007ffc0c790000 - 0x00007ffc0c7ba000 	C:\Windows\System32\GDI32.dll
0x00007ffc0b060000 - 0x00007ffc0b18b000 	C:\Windows\System32\gdi32full.dll
0x00007ffc0ae30000 - 0x00007ffc0aed3000 	C:\Windows\System32\msvcp_win.dll
0x00007ffbef010000 - 0x00007ffbef2a0000 	C:\Windows\WinSxS\amd64_microsoft.windows.common-controls_6595b64144ccf1df_6.0.26100.2454_none_3e0b68a2e331ad60\COMCTL32.dll
0x00007ffbff4e0000 - 0x00007ffbff4eb000 	C:\Windows\SYSTEM32\VERSION.dll
0x00007ffc0c8a0000 - 0x00007ffc0c8cf000 	C:\Windows\System32\IMM32.DLL
0x00007ffc05440000 - 0x00007ffc0544c000 	C:\Program Files\Java\jdk-19\bin\vcruntime140_1.dll
0x00007ffbf8270000 - 0x00007ffbf82fe000 	C:\Program Files\Java\jdk-19\bin\msvcp140.dll
0x00007ffbdefa0000 - 0x00007ffbdfc60000 	C:\Program Files\Java\jdk-19\bin\server\jvm.dll
0x00007ffc07e30000 - 0x00007ffc07e66000 	C:\Windows\SYSTEM32\WINMM.dll
0x00007ffc05430000 - 0x00007ffc0543a000 	C:\Windows\SYSTEM32\WSOCK32.dll
0x00007ffc0c540000 - 0x00007ffc0c5b4000 	C:\Windows\System32\WS2_32.dll
0x00007ffc08dc0000 - 0x00007ffc08dda000 	C:\Windows\SYSTEM32\kernel.appcore.dll
0x00007ffc05420000 - 0x00007ffc0542a000 	C:\Program Files\Java\jdk-19\bin\jimage.dll
0x00007ffbfeeb0000 - 0x00007ffbff0f1000 	C:\Windows\SYSTEM32\DBGHELP.DLL
0x00007ffc0bfd0000 - 0x00007ffc0c34e000 	C:\Windows\System32\combase.dll
0x00007ffc0ca80000 - 0x00007ffc0cb56000 	C:\Windows\System32\OLEAUT32.dll
0x00007ffbfd470000 - 0x00007ffbfd4a9000 	C:\Windows\SYSTEM32\dbgcore.DLL
0x00007ffc0ad90000 - 0x00007ffc0ae29000 	C:\Windows\System32\bcryptPrimitives.dll
0x00007ffbfcbe0000 - 0x00007ffbfcbee000 	C:\Program Files\Java\jdk-19\bin\instrument.dll
0x00007ffbf7f00000 - 0x00007ffbf7f26000 	C:\Program Files\Java\jdk-19\bin\java.dll
0x00007ffbf7b80000 - 0x00007ffbf7c57000 	C:\Program Files\Java\jdk-19\bin\jsvml.dll
0x00007ffc0cb60000 - 0x00007ffc0d260000 	C:\Windows\System32\SHELL32.dll
0x00007ffbfbf00000 - 0x00007ffbfc731000 	C:\Windows\SYSTEM32\windows.storage.dll
0x00007ffc0c600000 - 0x00007ffc0c6da000 	C:\Windows\System32\SHCORE.dll
0x00007ffc0c6e0000 - 0x00007ffc0c73d000 	C:\Windows\System32\shlwapi.dll
0x00007ffc0a760000 - 0x00007ffc0a78e000 	C:\Windows\SYSTEM32\profapi.dll
0x00007ffbf7ee0000 - 0x00007ffbf7ef8000 	C:\Program Files\Java\jdk-19\bin\zip.dll
0x00007ffbf7b60000 - 0x00007ffbf7b73000 	C:\Program Files\Java\jdk-19\bin\net.dll
0x00007ffc04950000 - 0x00007ffc04a76000 	C:\Windows\SYSTEM32\WINHTTP.dll
0x00007ffc09b90000 - 0x00007ffc09bf8000 	C:\Windows\system32\mswsock.dll
0x00007ffbf7b40000 - 0x00007ffbf7b56000 	C:\Program Files\Java\jdk-19\bin\nio.dll
0x00007ffbf7b20000 - 0x00007ffbf7b3a000 	C:\Program Files\JetBrains\IntelliJ IDEA Community Edition 2024.3.1.1\bin\breakgen64.dll
0x00007ffbfcbd0000 - 0x00007ffbfcbd8000 	C:\Program Files\Java\jdk-19\bin\extnet.dll
0x00007ffbf8260000 - 0x00007ffbf826e000 	C:\Program Files\Java\jdk-19\bin\sunmscapi.dll
0x00007ffc0aee0000 - 0x00007ffc0b056000 	C:\Windows\System32\CRYPT32.dll
0x00007ffc0a030000 - 0x00007ffc0a060000 	C:\Windows\SYSTEM32\ncrypt.dll
0x00007ffc09fe0000 - 0x00007ffc0a01f000 	C:\Windows\SYSTEM32\NTASN1.dll
0x00007ffbedd90000 - 0x00007ffbede28000 	C:\Windows\SYSTEM32\symsrv.dll
0x00007ffc0a070000 - 0x00007ffc0a096000 	C:\Windows\SYSTEM32\bcrypt.dll

dbghelp: loaded successfully - version: 4.0.5 - missing functions: none
symbol engine: initialized successfully - sym options: 0x614 - pdb path: .;C:\Program Files\Java\jdk-19\bin;C:\Windows\SYSTEM32;C:\Windows\WinSxS\amd64_microsoft.windows.common-controls_6595b64144ccf1df_6.0.26100.2454_none_3e0b68a2e331ad60;C:\Program Files\Java\jdk-19\bin\server;C:\Program Files\JetBrains\IntelliJ IDEA Community Edition 2024.3.1.1\bin

VM Arguments:
jvm_args: -javaagent:C:\Program Files\JetBrains\IntelliJ IDEA Community Edition 2024.3.1.1\lib\idea_rt.jar=50016:C:\Program Files\JetBrains\IntelliJ IDEA Community Edition 2024.3.1.1\bin -Dfile.encoding=UTF-8 -Dsun.stdout.encoding=UTF-8 -Dsun.stderr.encoding=UTF-8 
java_command: com.wp.todo.Application
java_class_path (initial): C:\Users\skarvekar12\Downloads\spring-boot\boot-repo\31_TodoAppWithJDBC-RowMapperv1\target\classes;C:\Users\skarvekar12\.m2\repository\org\springframework\boot\spring-boot-starter-web\3.4.1\spring-boot-starter-web-3.4.1.jar;C:\Users\skarvekar12\.m2\repository\org\springframework\boot\spring-boot-starter\3.4.1\spring-boot-starter-3.4.1.jar;C:\Users\skarvekar12\.m2\repository\org\springframework\boot\spring-boot\3.4.1\spring-boot-3.4.1.jar;C:\Users\skarvekar12\.m2\repository\org\springframework\boot\spring-boot-autoconfigure\3.4.1\spring-boot-autoconfigure-3.4.1.jar;C:\Users\skarvekar12\.m2\repository\org\springframework\boot\spring-boot-starter-logging\3.4.1\spring-boot-starter-logging-3.4.1.jar;C:\Users\skarvekar12\.m2\repository\ch\qos\logback\logback-classic\1.5.12\logback-classic-1.5.12.jar;C:\Users\skarvekar12\.m2\repository\ch\qos\logback\logback-core\1.5.12\logback-core-1.5.12.jar;C:\Users\skarvekar12\.m2\repository\org\apache\logging\log4j\log4j-to-slf4j\2.24.3\log4j-to-slf4j-2.24.3.jar;C:\Users\skarvekar12\.m2\repository\org\apache\logging\log4j\log4j-api\2.24.3\log4j-api-2.24.3.jar;C:\Users\skarvekar12\.m2\repository\org\slf4j\jul-to-slf4j\2.0.16\jul-to-slf4j-2.0.16.jar;C:\Users\skarvekar12\.m2\repository\jakarta\annotation\jakarta.annotation-api\2.1.1\jakarta.annotation-api-2.1.1.jar;C:\Users\skarvekar12\.m2\repository\org\yaml\snakeyaml\2.3\snakeyaml-2.3.jar;C:\Users\skarvekar12\.m2\repository\org\springframework\boot\spring-boot-starter-json\3.4.1\spring-boot-starter-json-3.4.1.jar;C:\Users\skarvekar12\.m2\repository\com\fasterxml\jackson\core\jackson-databind\2.18.2\jackson-databind-2.18.2.jar;C:\Users\skarvekar12\.m2\repository\com\fasterxml\jackson\core\jackson-annotations\2.18.2\jackson-annotations-2.18.2.jar;C:\Users\skarvekar12\.m2\repository\com\fasterxml\jackson\core\jackson-core\2.18.2\jackson-core-2.18.2.jar;C:\Users\skarvekar12\.m2\repository\com\fasterxml\jackson\datatype\jackson-datatype-jdk8\2.18.2\jackson-datatype-jdk8-2.18.2.jar;C:\Users\skarvekar12\.m2\repository\com\fasterxml\jackson\datatype\jackson-datatype-jsr310\2.18.2\jackson-datatype-jsr310-2.18.2.jar;C:\Users\skarvekar12\.m2\repository\com\fasterxml\jackson\module\jackson-module-parameter-names\2.18.2\jackson-module-parameter-names-2.18.2.jar;C:\Users\skarvekar12\.m2\repository\org\springframework\boot\spring-boot-starter-tomcat\3.4.1\spring-boot-starter-tomcat-3.4.1.jar;C:\Users\skarvekar12\.m2\repository\org\apache\tomcat\embed\tomcat-embed-core\10.1.34\tomcat-embed-core-10.1.34.jar;C:\Users\skarvekar12\.m2\repository\org\apache\tomcat\embed\tomcat-embed-el\10.1.34\tomcat-embed-el-10.1.34.jar;C:\Users\skarvekar12\.m2\repository\org\apache\tomcat\embed\tomcat-embed-websocket\10.1.34\tomcat-embed-websocket-10.1.34.jar;C:\Users\skarvekar12\.m2\repository\org\springframework\spring-web\6.2.1\spring-web-6.2.1.jar;C:\Users\skarvekar12\.m2\repository\org\springframework\spring-beans\6.2.1\spring-beans-6.2.1.jar;C:\Users\skarvekar12\.m2\repository\io\micrometer\micrometer-observation\1.14.2\micrometer-observation-1.14.2.jar;C:\Users\skarvekar12\.m2\repository\io\micrometer\micrometer-commons\1.14.2\micrometer-commons-1.14.2.jar;C:\Users\skarvekar12\.m2\repository\org\springframework\spring-webmvc\6.2.1\spring-webmvc-6.2.1.jar;C:\Users\skarvekar12\.m2\repository\org\springframework\spring-aop\6.2.1\spring-aop-6.2.1.jar;C:\Users\skarvekar12\.m2\repository\org\springframework\spring-context\6.2.1\spring-context-6.2.1.jar;C:\Users\skarvekar12\.m2\repository\org\springframework\spring-expression\6.2.1\spring-expression-6.2.1.jar;C:\Users\skarvekar12\.m2\repository\org\springframework\boot\spring-boot-starter-jdbc\3.4.1\spring-boot-starter-jdbc-3.4.1.jar;C:\Users\skarvekar12\.m2\repository\com\zaxxer\HikariCP\5.1.0\HikariCP-5.1.0.jar;C:\Users\skarvekar12\.m2\repository\org\slf4j\slf4j-api\2.0.16\slf4j-api-2.0.16.jar;C:\Users\skarvekar12\.m2\repository\org\springframework\spring-jdbc\6.2.1\spring-jdbc-6.2.1.jar;C:\Users\skarvekar12\.m2\repository\org\springframework\spring-tx\6.2.1\spring-tx-6.2.1.jar;C:\Users\skarvekar12\.m2\repository\com\mysql\mysql-connector-j\8.0.33\mysql-connector-j-8.0.33.jar;C:\Users\skarvekar12\.m2\repository\org\projectlombok\lombok\1.18.36\lombok-1.18.36.jar;C:\Users\skarvekar12\.m2\repository\org\springframework\spring-core\6.2.1\spring-core-6.2.1.jar;C:\Users\skarvekar12\.m2\repository\org\springframework\spring-jcl\6.2.1\spring-jcl-6.2.1.jar
Launcher Type: SUN_STANDARD

[Global flags]
     intx CICompilerCount                          = 3                                         {product} {ergonomic}
     uint ConcGCThreads                            = 1                                         {product} {ergonomic}
     uint G1ConcRefinementThreads                  = 4                                         {product} {ergonomic}
   size_t G1HeapRegionSize                         = 1048576                                   {product} {ergonomic}
    uintx GCDrainStackTargetSize                   = 64                                        {product} {ergonomic}
   size_t InitialHeapSize                          = 67108864                                  {product} {ergonomic}
   size_t MarkStackSize                            = 4194304                                   {product} {ergonomic}
   size_t MaxHeapSize                              = 1073741824                                {product} {ergonomic}
   size_t MaxNewSize                               = 643825664                                 {product} {ergonomic}
   size_t MinHeapDeltaBytes                        = 1048576                                   {product} {ergonomic}
   size_t MinHeapSize                              = 8388608                                   {product} {ergonomic}
    uintx NonNMethodCodeHeapSize                   = 5832780                                {pd product} {ergonomic}
    uintx NonProfiledCodeHeapSize                  = 122912730                              {pd product} {ergonomic}
    uintx ProfiledCodeHeapSize                     = 122912730                              {pd product} {ergonomic}
    uintx ReservedCodeCacheSize                    = 251658240                              {pd product} {ergonomic}
     bool SegmentedCodeCache                       = true                                      {product} {ergonomic}
   size_t SoftMaxHeapSize                          = 1073741824                             {manageable} {ergonomic}
     bool UseCompressedClassPointers               = true                           {product lp64_product} {ergonomic}
     bool UseCompressedOops                        = true                           {product lp64_product} {ergonomic}
     bool UseG1GC                                  = true                                      {product} {ergonomic}
     bool UseLargePagesIndividualAllocation        = false                                  {pd product} {ergonomic}

Logging:
Log output configuration:
 #0: stdout all=warning uptime,level,tags foldmultilines=false
 #1: stderr all=off uptime,level,tags foldmultilines=false

Environment Variables:
PATH=C:\Program Files\Common Files\Oracle\Java\javapath;C:\Windows\system32;C:\Windows;C:\Windows\System32\Wbem;C:\Windows\System32\WindowsPowerShell\v1.0\;C:\Windows\System32\OpenSSH\;C:\ProgramData\GooGet;C:\Program Files\Google\Compute Engine\metadata_scripts;C:\Program Files (x86)\Google\Cloud SDK\google-cloud-sdk\bin;C:\Program Files\PowerShell\7\;C:\Program Files\Google\Compute Engine\sysprep;C:\Program Files\Git\cmd;C:\Program Files\MySQL\MySQL Shell 8.0\bin\;C:\Users\skarvekar12\AppData\Local\Microsoft\WindowsApps;;C:\Program Files\JetBrains\IntelliJ IDEA Community Edition 2024.3.1.1\bin;
USERNAME=skarvekar12
OS=Windows_NT
PROCESSOR_IDENTIFIER=Intel64 Family 6 Model 79 Stepping 0, GenuineIntel
TMP=C:\Users\SKARVE~1\AppData\Local\Temp\2
TEMP=C:\Users\SKARVE~1\AppData\Local\Temp\2



---------------  S Y S T E M  ---------------

OS:
 Windows Server 2022 , 64 bit Build 26100 (10.0.26100.2454)
OS uptime: 0 days 0:23 hours
KVM virtualization detected

CPU: total 4 (initial active 4) (2 cores per cpu, 2 threads per core) family 6 model 79 stepping 0 microcode 0xffffffff, cx8, cmov, fxsr, ht, mmx, 3dnowpref, sse, sse2, sse3, ssse3, sse4.1, sse4.2, popcnt, lzcnt, tsc, tscinvbit, avx, avx2, aes, erms, clmul, bmi1, bmi2, rtm, adx, fma, vzeroupper, clflush, hv, rdtscp

Memory: 4k page, system-wide physical 4092M (389M free)
TotalPageFile size 5116M (AvailPageFile size 4M)
current process WorkingSet (physical memory assigned to process): 138M, peak: 138M
current process commit charge ("private bytes"): 193M, peak: 193M

vm_info: Java HotSpot(TM) 64-Bit Server VM (19.0.2+7-44) for windows-amd64 JRE (19.0.2+7-44), built on 2022-11-30T18:02:09Z by "mach5one" with MS VC++ 17.1 (VS2022)

END.
